This is pdfTeX, Version 3.1415926-1.40.11 (MiKTeX 2.9 Beta 1) (preloaded format=pdflatex 2010.12.5)  6 JAN 2011 03:41
entering extended mode
**mobistopowicz.tex
(C:\Users\Rodrigo\Desktop\INZ.TEX\mobistopowicz.tex
LaTeX2e <2009/09/24>
Babel <v3.8l> and hyphenation patterns for english, arabic, bulgarian, panjabi,
 kurmanji, basque, russian, estonian, hungarian, czech, german-x-2009-06-19, ma
layalam, armenian, portuguese, ngerman-x-2009-06-19, nynorsk, ancientgreek, mon
golianlmc, catalan, sanskrit, pinyin, irish, gujarati, assamese, ukenglish, cop
tic, croatian, slovenian, danish, dutch, serbian, usenglishmax, esperanto, fars
i, swedish, finnish, french, galician, german, spanish, kannada, oriya, ngerman
, swissgerman, monogreek, interlingua, greek, icelandic, bengali, hindi, bokmal
, marathi, tamil, telugu, indonesian, italian, lao, latin, latvian, lithuanian,
 mongolian, polish, romanian, slovak, turkish, turkmen, ukrainian, uppersorbian
, welsh, loaded.
("C:\Program Files\MiKTeX 2.9\tex\latex\memoir\memoir.cls"
Document Class: memoir 2010/09/19 v3.6g configurable book, report, article docu
ment class
\onelineskip=\skip41
\lxvchars=\skip42
\xlvchars=\skip43
\@memcnta=\count79
\c@@memmarkcntra=\count80
\l@nohyphenation=\language69
("C:\Program Files\MiKTeX 2.9\tex\generic\oberdiek\ifpdf.sty"
Package: ifpdf 2010/01/28 v2.1 Provides the ifpdf switch (HO)
Package ifpdf Info: pdfTeX in pdf mode detected.
)
Class memoir Info: An `ifetex' package is being emulated on input line 251.

("C:\Program Files\MiKTeX 2.9\tex\latex\ifxetex\ifxetex.sty"
Package: ifxetex 2009/01/23 v0.5 Provides ifxetex conditional
)
("C:\Program Files\MiKTeX 2.9\tex\generic\oberdiek\ifluatex.sty"
Package: ifluatex 2010/03/01 v1.3 Provides the ifluatex switch (HO)
Package ifluatex Info: LuaTeX not detected.
)
\stockheight=\skip44
\stockwidth=\skip45
\trimtop=\skip46
\trimedge=\skip47

("C:\Program Files\MiKTeX 2.9\tex\latex\misc\etex.sty"
Package: etex 1998/03/26 v2.0 eTeX basic definition package (PEB)
\et@xins=\count81
)
("C:\Program Files\MiKTeX 2.9\tex\latex\memoir\mem12.clo"
File: mem12.clo 2008/01/30 v0.4 memoir class 12pt size option
)
\binding=\skip48
\spinemargin=\skip49
\foremargin=\skip50
\uppermargin=\skip51
\lowermargin=\skip52
\headdrop=\skip53
\normalrulethickness=\skip54
\headwidth=\skip55
\c@storedpagenumber=\count82
\memPD=\dimen102
\m@mabparskip=\skip56
\thanksmarkwidth=\skip57
\thanksmarksep=\skip58
\droptitle=\skip59
\c@book=\count83
\c@part=\count84
\c@chapter=\count85
\c@section=\count86
\c@subsection=\count87
\c@subsubsection=\count88
\c@paragraph=\count89
\c@subparagraph=\count90
\beforechapskip=\skip60
\midchapskip=\skip61
\afterchapskip=\skip62
\chapindent=\skip63
\bottomsectionskip=\skip64
\secindent=\skip65
\beforesecskip=\skip66
\aftersecskip=\skip67
\subsecindent=\skip68
\beforesubsecskip=\skip69
\aftersubsecskip=\skip70
\subsubsecindent=\skip71
\beforesubsubsecskip=\skip72
\aftersubsubsecskip=\skip73
\paraindent=\skip74
\beforeparaskip=\skip75
\afterparaskip=\skip76
\subparaindent=\skip77
\beforesubparaskip=\skip78
\aftersubparaskip=\skip79
\pfbreakskip=\skip80
\c@@ppsavesec=\count91
\c@@ppsaveapp=\count92
\ragrparindent=\dimen103
\everylistparindent=\dimen104
\parsepi=\skip81
\topsepi=\skip82
\itemsepi=\skip83
\parsepii=\skip84
\topsepii=\skip85
\topsepiii=\skip86
\itemsepii=\skip87
\itemsepiii=\skip88
\partopsepii=\skip89
\partopsepiii=\skip90
\m@msavetopsep=\skip91
\m@msavepartopsep=\skip92
\@enLab=\toks14
\abstitleskip=\skip93
\absleftindent=\skip94
\abs@leftindent=\dimen105
\absrightindent=\skip95
\absparindent=\skip96
\absparsep=\skip97
\c@vslineno=\count93
\c@poemline=\count94
\c@modulo@vs=\count95
\c@memfvsline=\count96
\vleftskip=\skip98
\vrightskip=\skip99
\stanzaskip=\skip100
\versewidth=\skip101
\vgap=\skip102
\vindent=\skip103
\vleftmargin=\dimen106
\c@verse=\count97
\c@chrsinstr=\count98
\beforepoemtitleskip=\skip104
\afterpoemtitleskip=\skip105
\c@poem=\count99
\beforePoemTitleskip=\skip106
\midPoemTitleskip=\skip107
\afterPoemTitleskip=\skip108
\col@sep=\dimen107
\extrarowheight=\dimen108
\NC@list=\toks15
\extratabsurround=\skip109
\backup@length=\skip110
\TX@col@width=\dimen109
\TX@old@table=\dimen110
\TX@old@col=\dimen111
\TX@target=\dimen112
\TX@delta=\dimen113
\TX@cols=\count100
\TX@ftn=\toks16
\heavyrulewidth=\dimen114
\lightrulewidth=\dimen115
\cmidrulewidth=\dimen116
\belowrulesep=\dimen117
\belowbottomsep=\dimen118
\aboverulesep=\dimen119
\abovetopsep=\dimen120
\cmidrulesep=\dimen121
\cmidrulekern=\dimen122
\defaultaddspace=\dimen123
\@cmidla=\count101
\@cmidlb=\count102
\@aboverulesep=\dimen124
\@belowrulesep=\dimen125
\@thisruleclass=\count103
\@lastruleclass=\count104
\@thisrulewidth=\dimen126
\ctableftskip=\skip111
\ctabrightskip=\skip112
\abovecolumnspenalty=\count105
\@linestogo=\count106
\@cellstogo=\count107
\@cellsincolumn=\count108
\crtok=\toks17
\@mincolumnwidth=\dimen127
\c@newflo@tctr=\count109
\@contcwidth=\skip113
\@contindw=\skip114
\abovecaptionskip=\skip115
\belowcaptionskip=\skip116
\subfloattopskip=\skip117
\subfloatcapskip=\skip118
\subfloatcaptopadj=\skip119
\subfloatbottomskip=\skip120
\subfloatlabelskip=\skip121
\subfloatcapmargin=\dimen128
\c@@contsubnum=\count110
\m@mscap@capbox=\box26
\m@mscap@fbox=\box27
\sidecapsep=\dimen129
\sidecapwidth=\dimen130
\m@m@tempdima=\dimen131
\m@mscapraise=\dimen132
\sidecapraise=\dimen133
\m@mscapmainwidth=\dimen134
\m@mscaplkern=\dimen135
\beforeepigraphskip=\skip122
\afterepigraphskip=\skip123
\epigraphwidth=\skip124
\epigraphrule=\skip125
LaTeX Info: Redefining \em on input line 7217.
LaTeX Info: Redefining \emph on input line 7225.
\tocentryskip=\skip126
\tocbaseline=\skip127
\cftparskip=\skip128
\cftbeforebookskip=\skip129
\cftbookindent=\dimen136
\cftbooknumwidth=\dimen137
\cftbeforepartskip=\skip130
\cftpartindent=\skip131
\cftpartnumwidth=\skip132
\cftbeforechapterskip=\skip133
\cftchapterindent=\skip134
\cftchapternumwidth=\skip135
\cftbeforesectionskip=\skip136
\cftsectionindent=\skip137
\cftsectionnumwidth=\skip138
\cftbeforesubsectionskip=\skip139
\cftsubsectionindent=\skip140
\cftsubsectionnumwidth=\skip141
\cftbeforesubsubsectionskip=\skip142
\cftsubsubsectionindent=\skip143
\cftsubsubsectionnumwidth=\skip144
\cftbeforeparagraphskip=\skip145
\cftparagraphindent=\skip146
\cftparagraphnumwidth=\skip147
\cftbeforesubparagraphskip=\skip148
\cftsubparagraphindent=\skip149
\cftsubparagraphnumwidth=\skip150
\prechapterprecisshift=\dimen138
\c@maxsecnumdepth=\count111
\bibindent=\dimen139
\bibitemsep=\skip151
\indexcolsep=\skip152
\indexrule=\skip153
\indexmarkstyle=\toks18
\@indexbox=\insert233
\glossarycolsep=\dimen140
\glossaryrule=\dimen141
\sideparvshift=\skip154
\sideins=\insert232
\sidebartopsep=\skip155
\sidebarhsep=\skip156
\sidebarvsep=\skip157
\sidebarwidth=\skip158
\footmarkwidth=\skip159
\footmarksep=\skip160
\footparindent=\skip161
\footinsdim=\skip162
\footinsv@r=\insert231
\@mpfootinsv@r=\insert230
\m@m@k=\count112
\m@m@h=\dimen142
\m@mipn@skip=\skip163
\sidefootins=\insert229
\sidefootadjust=\skip164
\sidefootheight=\skip165
\sidefoothsep=\skip166
\sidefootvsep=\skip167
\sidefootwidth=\skip168
\m@mdownsf=\skip169
\c@sidefootnote=\count113
\sidefootmarkwidth=\skip170
\sidefootmarksep=\skip171
\sidefootparindent=\skip172
\c@pagenote=\count114
\every@verbatim=\toks19
\afterevery@verbatim=\toks20
\verbatim@line=\toks21
\tab@position=\count115
\verbatim@in@stream=\read1
\verbatimindent=\skip173
\verbatim@out=\write3
\bvboxsep=\skip174
\c@memfbvline=\count116
\c@bvlinectr=\count117
\bvnumlength=\skip175
\fb@frw=\dimen143
\fb@frh=\dimen144
\FrameRule=\dimen145
\FrameSep=\dimen146
\c@cp@cntr=\count118
LaTeX Info: Redefining \: on input line 11560.
LaTeX Info: Redefining \! on input line 11562.
\c@ism@mctr=\count119
\c@xsm@mctr=\count120
\c@csm@mctr=\count121
\c@ksm@mctr=\count122
\c@xksm@mctr=\count123
\c@cksm@mctr=\count124
\c@msm@mctr=\count125
\c@xmsm@mctr=\count126
\c@cmsm@mctr=\count127
\c@bsm@mctr=\count128
\c@workm@mctr=\count129
\c@sheetsequence=\count130
\c@lastsheet=\count131
\c@lastpage=\count132
\c@figure=\count133
\c@lofdepth=\count134
\cftbeforefigureskip=\skip176
\cftfigureindent=\skip177
\cftfigurenumwidth=\skip178
\c@table=\count135
\c@lotdepth=\count136
\cftbeforetableskip=\skip179
\cfttableindent=\skip180
\cfttablenumwidth=\skip181
Package abstract [2008/07/23] emulated by memoir.
Package appendix [2008/07/23] emulated by memoir.
Package array [2008/07/23] emulated by memoir.
Package booktabs [2008/07/23] emulated by memoir.
Package ccaption [2008/07/23] emulated by memoir.
Package changepage [2008/07/23] emulated by memoir.
Package chngcntr [2008/07/23] emulated by memoir.
Package chngpage [2008/07/23] emulated by memoir.
Package crop emulated by memoir.
Package dcolumn [2008/07/23] emulated by memoir.
Package delarray [2008/07/23] emulated by memoir.
Package enumerate [2008/07/23] emulated by memoir.
Package epigraph [2008/07/23] emulated by memoir.
Package ifmtarg [2008/07/23] emulated by memoir.
Package ifetex [2008/07/23] emulated by memoir.
Package index [2008/07/23] emulated by memoir.
Package makeidx [2008/07/23] emulated by memoir.
Package moreverb [2008/07/23] emulated by memoir.
Package mparhack [2008/07/23] emulated by memoir.
Package needspace [2008/07/23] emulated by memoir.
Package newfile [2008/07/23] emulated by memoir.
Package nextpage [2008/07/23] emulated by memoir.
Package pagenote [2008/07/23] emulated by memoir.
Package parskip [2008/07/23] emulated by memoir.
Package patchcmd [2008/07/23] emulated by memoir.
Package setspace [2008/07/23] emulated by memoir.
Package shortvrb [2008/07/23] emulated by memoir.
Package showidx [2008/07/23] emulated by memoir.
Package tabularx [2008/07/23] emulated by memoir.
Package titleref [2008/07/23] emulated by memoir.
Package titling [2008/07/23] emulated by memoir.
Package tocbibind [2008/07/23] emulated by memoir.
Package tocloft [2008/07/23] emulated by memoir.
Package tocvsec2 [2008/07/23] emulated by memoir.
Package verbatim [2008/07/23] emulated by memoir.
Package verse [2008/07/23] emulated by memoir.

("C:\Program Files\MiKTeX 2.9\tex\latex\memoir\mempatch.sty"
Package: mempatch 2009/07/24 v6.0f Patches for memoir class v1.6180339
))
(C:\Users\Rodrigo\Desktop\INZ.TEX\style.tex
("C:\Program Files\MiKTeX 2.9\tex\latex\graphics\graphicx.sty"
Package: graphicx 1999/02/16 v1.0f Enhanced LaTeX Graphics (DPC,SPQR)

("C:\Program Files\MiKTeX 2.9\tex\latex\graphics\keyval.sty"
Package: keyval 1999/03/16 v1.13 key=value parser (DPC)
\KV@toks@=\toks22
)
("C:\Program Files\MiKTeX 2.9\tex\latex\graphics\graphics.sty"
Package: graphics 2009/02/05 v1.0o Standard LaTeX Graphics (DPC,SPQR)

("C:\Program Files\MiKTeX 2.9\tex\latex\graphics\trig.sty"
Package: trig 1999/03/16 v1.09 sin cos tan (DPC)
)
("C:\Program Files\MiKTeX 2.9\tex\latex\00miktex\graphics.cfg"
File: graphics.cfg 2007/01/18 v1.5 graphics configuration of teTeX/TeXLive
)
Package graphics Info: Driver file: pdftex.def on input line 91.

("C:\Program Files\MiKTeX 2.9\tex\latex\pdftex-def\pdftex.def"
File: pdftex.def 2010/02/14 v0.04n Graphics/color for pdfTeX
\Gread@gobject=\count137
))
\Gin@req@height=\dimen147
\Gin@req@width=\dimen148
)
("C:\Program Files\MiKTeX 2.9\tex\latex\float\float.sty"
Package: float 2001/11/08 v1.3d Float enhancements (AL)
\c@float@type=\count138
\float@exts=\toks23
\float@box=\box28
\@float@everytoks=\toks24
\@floatcapt=\box29
)
("C:\Program Files\MiKTeX 2.9\tex\latex\graphics\epsfig.sty"
Package: epsfig 1999/02/16 v1.7a (e)psfig emulation (SPQR)
\epsfxsize=\dimen149
\epsfysize=\dimen150
)
("C:\Program Files\MiKTeX 2.9\tex\latex\ams\math\amsmath.sty"
Package: amsmath 2000/07/18 v2.13 AMS math features
\@mathmargin=\skip182

For additional information on amsmath, use the `?' option.
("C:\Program Files\MiKTeX 2.9\tex\latex\ams\math\amstext.sty"
Package: amstext 2000/06/29 v2.01

("C:\Program Files\MiKTeX 2.9\tex\latex\ams\math\amsgen.sty"
File: amsgen.sty 1999/11/30 v2.0
\@emptytoks=\toks25
\ex@=\dimen151
))
("C:\Program Files\MiKTeX 2.9\tex\latex\ams\math\amsbsy.sty"
Package: amsbsy 1999/11/29 v1.2d
\pmbraise@=\dimen152
)
("C:\Program Files\MiKTeX 2.9\tex\latex\ams\math\amsopn.sty"
Package: amsopn 1999/12/14 v2.01 operator names
)
\inf@bad=\count139
LaTeX Info: Redefining \frac on input line 211.
\uproot@=\count140
\leftroot@=\count141
LaTeX Info: Redefining \overline on input line 307.
\classnum@=\count142
\DOTSCASE@=\count143
LaTeX Info: Redefining \ldots on input line 379.
LaTeX Info: Redefining \dots on input line 382.
LaTeX Info: Redefining \cdots on input line 467.
\Mathstrutbox@=\box30
\strutbox@=\box31
\big@size=\dimen153
LaTeX Font Info:    Redeclaring font encoding OML on input line 567.
LaTeX Font Info:    Redeclaring font encoding OMS on input line 568.
\macc@depth=\count144
\c@MaxMatrixCols=\count145
\dotsspace@=\muskip10
\c@parentequation=\count146
\dspbrk@lvl=\count147
\tag@help=\toks26
\row@=\count148
\column@=\count149
\maxfields@=\count150
\andhelp@=\toks27
\eqnshift@=\dimen154
\alignsep@=\dimen155
\tagshift@=\dimen156
\tagwidth@=\dimen157
\totwidth@=\dimen158
\lineht@=\dimen159
\@envbody=\toks28
\multlinegap=\skip183
\multlinetaggap=\skip184
\mathdisplay@stack=\toks29
LaTeX Info: Redefining \[ on input line 2666.
LaTeX Info: Redefining \] on input line 2667.
)
("C:\Program Files\MiKTeX 2.9\tex\latex\amsfonts\amssymb.sty"
Package: amssymb 2009/06/22 v3.00

("C:\Program Files\MiKTeX 2.9\tex\latex\amsfonts\amsfonts.sty"
Package: amsfonts 2009/06/22 v3.00 Basic AMSFonts support
\symAMSa=\mathgroup4
\symAMSb=\mathgroup5
LaTeX Font Info:    Overwriting math alphabet `\mathfrak' in version `bold'
(Font)                  U/euf/m/n --> U/euf/b/n on input line 96.
))
("C:\Program Files\MiKTeX 2.9\tex\latex\ams\classes\amsthm.sty"
Package: amsthm 2004/08/06 v2.20
\thm@style=\toks30
\thm@bodyfont=\toks31
\thm@headfont=\toks32
\thm@notefont=\toks33
\thm@headpunct=\toks34
\thm@preskip=\skip185
\thm@postskip=\skip186
\thm@headsep=\skip187
\dth@everypar=\toks35
)
("C:\Program Files\MiKTeX 2.9\tex\latex\stmaryrd\stmaryrd.sty"
Package: stmaryrd 1994/03/03 St Mary's Road symbol package
\symstmry=\mathgroup6
LaTeX Font Info:    Overwriting symbol font `stmry' in version `bold'
(Font)                  U/stmry/m/n --> U/stmry/b/n on input line 89.
)
("C:\Program Files\MiKTeX 2.9\tex\latex\ltxmisc\url.sty"
\Urlmuskip=\muskip11
Package: url 2006/04/12  ver 3.3  Verb mode for urls, etc.
)
("C:\Program Files\MiKTeX 2.9\tex\latex\tools\longtable.sty"
Package: longtable 2004/02/01 v4.11 Multi-page Table package (DPC)
\LTleft=\skip188
\LTright=\skip189
\LTpre=\skip190
\LTpost=\skip191
\LTchunksize=\count151
\LTcapwidth=\dimen160
\LT@head=\box32
\LT@firsthead=\box33
\LT@foot=\box34
\LT@lastfoot=\box35
\LT@cols=\count152
\LT@rows=\count153
\c@LT@tables=\count154
\c@LT@chunks=\count155
\LT@p@ftn=\toks36
)
("C:\Program Files\MiKTeX 2.9\tex\latex\polski\polski.sty"
Package: polski 2008/02/24 v1.3.3 Polish language package

Document language package `polski' v1.3.3 <2008/02/24>
   Switching to Polish text encoding and Polish maths fonts.
("C:\Program Files\MiKTeX 2.9\tex\latex\base\ot4enc.def"
File: ot4enc.def 2005/09/27 v1.99g Standard LaTeX file
)
LaTeX Font Info:    Try loading font information for OT4+cmr on input line 346.


("C:\Program Files\MiKTeX 2.9\tex\latex\polski\ot4cmr.fd"
File: ot4cmr.fd 2008/02/24 v1.2.1 Font defs for fonts PL (MW)
)
LaTeX Font Info:    Overwriting math alphabet `\mathbf' in version `normal'
(Font)                  OT1/cmr/bx/n --> OT4/cmr/bx/n on input line 346.
LaTeX Font Info:    Overwriting math alphabet `\mathsf' in version `normal'
(Font)                  OT1/cmss/m/n --> OT4/cmss/m/n on input line 346.
LaTeX Font Info:    Overwriting math alphabet `\mathit' in version `normal'
(Font)                  OT1/cmr/m/it --> OT4/cmr/m/it on input line 346.
LaTeX Font Info:    Overwriting math alphabet `\mathtt' in version `normal'
(Font)                  OT1/cmtt/m/n --> OT4/cmtt/m/n on input line 346.
LaTeX Font Info:    Overwriting math alphabet `\mathsf' in version `bold'
(Font)                  OT1/cmss/bx/n --> OT4/cmss/bx/n on input line 346.
LaTeX Font Info:    Overwriting math alphabet `\mathit' in version `bold'
(Font)                  OT1/cmr/bx/it --> OT4/cmr/bx/it on input line 346.
LaTeX Font Info:    Encoding `OT1' has changed to `OT4' for symbol font
(Font)              `operators' in the math version `normal' on input line 346.

LaTeX Font Info:    Overwriting symbol font `operators' in version `normal'
(Font)                  OT1/cmr/m/n --> OT4/cmr/m/n on input line 346.
LaTeX Font Info:    Overwriting symbol font `letters' in version `normal'
(Font)                  OML/cmm/m/it --> OML/plm/m/it on input line 346.
LaTeX Font Info:    Overwriting symbol font `symbols' in version `normal'
(Font)                  OMS/cmsy/m/n --> OMS/plsy/m/n on input line 346.
LaTeX Font Info:    Overwriting symbol font `largesymbols' in version `normal'
(Font)                  OMX/cmex/m/n --> OMX/plex/m/n on input line 346.
LaTeX Font Info:    Encoding `OT1' has changed to `OT4' for symbol font
(Font)              `operators' in the math version `bold' on input line 346.
LaTeX Font Info:    Overwriting symbol font `operators' in version `bold'
(Font)                  OT1/cmr/bx/n --> OT4/cmr/bx/n on input line 346.
LaTeX Font Info:    Overwriting symbol font `letters' in version `bold'
(Font)                  OML/cmm/b/it --> OML/plm/b/it on input line 346.
LaTeX Font Info:    Overwriting symbol font `symbols' in version `bold'
(Font)                  OMS/cmsy/b/n --> OMS/plsy/b/n on input line 346.
)
("C:\Program Files\MiKTeX 2.9\tex\latex\base\inputenc.sty"
Package: inputenc 2008/03/30 v1.1d Input encoding file
\inpenc@prehook=\toks37
\inpenc@posthook=\toks38

("C:\Program Files\MiKTeX 2.9\tex\latex\base\cp1250.def"
File: cp1250.def 2008/03/30 v1.1d Input encoding file
))
("C:\Program Files\MiKTeX 2.9\tex\latex\listings\listings.sty"
\lst@mode=\count156
\lst@gtempboxa=\box36
\lst@token=\toks39
\lst@length=\count157
\lst@currlwidth=\dimen161
\lst@column=\count158
\lst@pos=\count159
\lst@lostspace=\dimen162
\lst@width=\dimen163
\lst@newlines=\count160
\lst@lineno=\count161
\lst@maxwidth=\dimen164

("C:\Program Files\MiKTeX 2.9\tex\latex\listings\lstmisc.sty"
File: lstmisc.sty 2007/02/22 1.4 (Carsten Heinz)
\c@lstnumber=\count162
\lst@skipnumbers=\count163
\lst@framebox=\box37
)
("C:\Program Files\MiKTeX 2.9\tex\latex\listings\listings.cfg"
File: listings.cfg 2007/02/22 1.4 listings configuration
))
Package: listings 2007/02/22 1.4 (Carsten Heinz)

("C:\Program Files\MiKTeX 2.9\tex\latex\psnfss\bookman.sty"
Package: bookman 2005/04/12 PSNFSS-v9.2a (SPQR) 
)
\mobistopowicz@idxfile=\write4

Writing index file mobistopowicz.idx 
("C:\Program Files\MiKTeX 2.9\tex\latex\citeref\citeref.sty"
Package: citeref 1999/27/05

Package citeref v1.1 <1999/27/05> (Bjoern Briel)
) ("C:\Program Files\MiKTeX 2.9\tex\latex\graphics\color.sty"
Package: color 2005/11/14 v1.0j Standard LaTeX Color (DPC)

("C:\Program Files\MiKTeX 2.9\tex\latex\00miktex\color.cfg"
File: color.cfg 2007/01/18 v1.5 color configuration of teTeX/TeXLive
)
Package color Info: Driver file: pdftex.def on input line 130.
)
Package color Info: Redefining color yellow on input line 64.
Package color Info: Redefining color red on input line 78.
Package color Info: Redefining color magenta on input line 84.
Package color Info: Redefining color blue on input line 105.
Package color Info: Redefining color cyan on input line 107.
Package color Info: Redefining color green on input line 117.
Package color Info: Redefining color black on input line 129.
Package color Info: Redefining color white on input line 130.

("C:\Program Files\MiKTeX 2.9\tex\latex\hyperref\hyperref.sty"
Package: hyperref 2010/06/18 v6.81g Hypertext links for LaTeX

("C:\Program Files\MiKTeX 2.9\tex\generic\oberdiek\ltxcmds.sty"
Package: ltxcmds 2010/04/26 v1.7 LaTeX kernel commands for general use (HO)
)
("C:\Program Files\MiKTeX 2.9\tex\generic\oberdiek\kvsetkeys.sty"
Package: kvsetkeys 2010/03/01 v1.9 Key value parser (HO)

("C:\Program Files\MiKTeX 2.9\tex\generic\oberdiek\infwarerr.sty"
Package: infwarerr 2010/04/08 v1.3 Providing info/warning/message (HO)
)
("C:\Program Files\MiKTeX 2.9\tex\generic\oberdiek\etexcmds.sty"
Package: etexcmds 2010/01/28 v1.3 Prefix for e-TeX command names (HO)
Package etexcmds Info: Could not find \expanded.
(etexcmds)             That can mean that you are not using pdfTeX 1.50 or
(etexcmds)             that some package has redefined \expanded.
(etexcmds)             In the latter case, load this package earlier.
))
("C:\Program Files\MiKTeX 2.9\tex\generic\oberdiek\pdfescape.sty"
Package: pdfescape 2010/03/01 v1.9 Provides hex, PDF name and string conversion
s (HO)

("C:\Program Files\MiKTeX 2.9\tex\generic\oberdiek\pdftexcmds.sty"
Package: pdftexcmds 2010/04/01 v0.9 Utility functions of pdfTeX for LuaTeX (HO)

Package pdftexcmds Info: LuaTeX not detected.
Package pdftexcmds Info: \pdf@primitive is available.
Package pdftexcmds Info: \pdf@ifprimitive is available.
))
("C:\Program Files\MiKTeX 2.9\tex\generic\oberdiek\ifvtex.sty"
Package: ifvtex 2010/03/01 v1.5 Switches for detecting VTeX and its modes (HO)
Package ifvtex Info: VTeX not detected.
)
("C:\Program Files\MiKTeX 2.9\tex\latex\oberdiek\hycolor.sty"
Package: hycolor 2009/12/12 v1.6 Color options of hyperref/bookmark (HO)

("C:\Program Files\MiKTeX 2.9\tex\latex\oberdiek\xcolor-patch.sty"
Package: xcolor-patch 2009/12/12 xcolor patch
))
("C:\Program Files\MiKTeX 2.9\tex\latex\oberdiek\letltxmacro.sty"
Package: letltxmacro 2008/06/24 v1.3 Let assignment for LaTeX macros (HO)
)
\@linkdim=\dimen165
\Hy@linkcounter=\count164
\Hy@pagecounter=\count165

("C:\Program Files\MiKTeX 2.9\tex\latex\hyperref\pd1enc.def"
File: pd1enc.def 2010/06/18 v6.81g Hyperref: PDFDocEncoding definition (HO)
)
("C:\Program Files\MiKTeX 2.9\tex\generic\oberdiek\intcalc.sty"
Package: intcalc 2007/09/27 v1.1 Expandable integer calculations (HO)
)
("C:\Program Files\MiKTeX 2.9\tex\latex\00miktex\hyperref.cfg"
File: hyperref.cfg 2002/06/06 v1.2 hyperref configuration of TeXLive
)
("C:\Program Files\MiKTeX 2.9\tex\latex\oberdiek\kvoptions.sty"
Package: kvoptions 2010/02/22 v3.7 Keyval support for LaTeX options (HO)
)
Package hyperref Info: Option `plainpages' set `false' on input line 3577.
Package hyperref Info: Option `pdfpagelabels' set `true' on input line 3577.
Package hyperref Info: Option `bookmarksnumbered' set `true' on input line 3577
.
Package hyperref Info: Option `colorlinks' set `false' on input line 3577.


Package hyperref Warning: Option `pagecolor' is not available anymore.

Package hyperref Info: Option `unicode' set `true' on input line 3577.
("C:\Program Files\MiKTeX 2.9\tex\latex\hyperref\puenc.def"
File: puenc.def 2010/06/18 v6.81g Hyperref: PDF Unicode definition (HO)
)
Package hyperref Info: Hyper figures OFF on input line 3658.
Package hyperref Info: Link nesting OFF on input line 3663.
Package hyperref Info: Hyper index ON on input line 3666.
Package hyperref Info: Plain pages OFF on input line 3673.
Package hyperref Info: Backreferencing OFF on input line 3678.

Implicit mode ON; LaTeX internals redefined
Package hyperref Info: Bookmarks ON on input line 3874.
LaTeX Info: Redefining \url on input line 4159.
("C:\Program Files\MiKTeX 2.9\tex\generic\oberdiek\bitset.sty"
Package: bitset 2007/09/28 v1.0 Data type bit set (HO)

("C:\Program Files\MiKTeX 2.9\tex\generic\oberdiek\bigintcalc.sty"
Package: bigintcalc 2007/11/11 v1.1 Expandable big integer calculations (HO)
))
\Fld@menulength=\count166
\Field@Width=\dimen166
\Fld@charsize=\dimen167
\Field@toks=\toks40
Package hyperref Info: Hyper figures OFF on input line 5137.
Package hyperref Info: Link nesting OFF on input line 5142.
Package hyperref Info: Hyper index ON on input line 5145.
Package hyperref Info: backreferencing OFF on input line 5152.
Package hyperref Info: Link coloring OFF on input line 5157.
Package hyperref Info: Link coloring with OCG OFF on input line 5162.
Package hyperref Info: PDF/A mode OFF on input line 5167.
LaTeX Info: Redefining \ref on input line 5207.
LaTeX Info: Redefining \pageref on input line 5211.

("C:\Program Files\MiKTeX 2.9\tex\generic\oberdiek\atbegshi.sty"
Package: atbegshi 2010/03/25 v1.12 At begin shipout hook (HO)
)
\Hy@abspage=\count167
\c@Item=\count168
)
("C:\Program Files\MiKTeX 2.9\tex\latex\memoir\memhfixc.sty"
Package: memhfixc 2010/08/17 v1.15 nameref/hyperref package fixes for memoir cl
ass
\c@memhycontfloat=\count169
)
* hyperref using driver hpdftex *
("C:\Program Files\MiKTeX 2.9\tex\latex\hyperref\hpdftex.def"
File: hpdftex.def 2010/06/18 v6.81g Hyperref driver for pdfTeX

("C:\Program Files\MiKTeX 2.9\tex\latex\oberdiek\atveryend.sty"
Package: atveryend 2010/03/24 v1.5 Hooks at very end of document (HO)
Package atveryend Info: \enddocument detected (standard).
)
\Fld@listcount=\count170
\c@bookmark@seq@number=\count171

("C:\Program Files\MiKTeX 2.9\tex\latex\oberdiek\rerunfilecheck.sty"
Package: rerunfilecheck 2010/03/16 v1.6 Rerun checks for auxiliary files (HO)

("C:\Program Files\MiKTeX 2.9\tex\generic\oberdiek\uniquecounter.sty"
Package: uniquecounter 2009/12/18 v1.1 Provides unlimited unique counter (HO)
)
Package uniquecounter Info: New unique counter `rerunfilecheck' on input line 2
71.
)
\Hy@SectionHShift=\skip192
)
("C:\Program Files\MiKTeX 2.9\tex\context\base\supp-mis.tex"
loading : Context Support Macros / Miscellaneous (2004.10.26)
\protectiondepth=\count172
\scratchcounter=\count173
\scratchtoks=\toks41
\scratchdimen=\dimen168
\scratchskip=\skip193
\scratchmuskip=\muskip12
\scratchmuskip=\muskip13
\scratchmuskip=\muskip14
\scratchmuskip=\muskip15
\scratchmuskip=\muskip16
\scratchmuskip=\muskip17
\scratchmuskip=\muskip18
\scratchmuskip=\muskip19
\scratchmuskip=\muskip20
\scratchmuskip=\muskip21
\scratchbox=\box38
\scratchread=\read2
\scratchwrite=\write5
\zeropoint=\dimen169
\onepoint=\dimen170
\onebasepoint=\dimen171
\minusone=\count174
\thousandpoint=\dimen172
\onerealpoint=\dimen173
\emptytoks=\toks42
\nextbox=\box39
\nextdepth=\dimen174
\everyline=\toks43
\!!counta=\count175
\!!countb=\count176
\recursecounter=\count177
) ("C:\Program Files\MiKTeX 2.9\tex\context\base\supp-pdf.tex"
loading : Context Support Macros / PDF
\scratchcounter=\count178
\scratchdimen=\dimen175
\scratchbox=\box40
\nofMPsegments=\count179
\nofMParguments=\count180
\everyMPshowfont=\toks44
\MPscratchCnt=\count181
\MPscratchDim=\dimen176
\MPnumerator=\count182
\everyMPtoPDFconversion=\toks45
) ("C:\Program Files\MiKTeX 2.9\tex\latex\thumbpdf\thumbpdf.sty"
Package: thumbpdf 2010/07/07 v3.11 Inclusion of thumbnails (HO)


Package thumbpdf Warning: Thumbnail data file `mobistopowicz.tpt' not found.

)

******************************************************
Stock height and width: 845.04684pt by 597.50787pt
Top and edge trims: 0pt and 0pt
Page height and width: 845.04684pt by 597.50787pt
Text height and width: 621pt by 384pt
Spine and edge margins: 107.27089pt and 106.23698pt
Upper and lower margins: 97.27478pt and 126.77206pt
Headheight and headsep: 14.5pt and 29pt
Footskip: 29pt
Columnsep and columnseprule: 10pt and 0pt
Marginparsep and marginparwidth: 7pt and 42pt
Sidecapsep and sidecapwidth: 7pt and 42pt
Sidebarhsep and sidebarwidth: 7pt and 42pt
Sidebarvsep and sidebartopsep: 14.5pt and 0pt
Sidebarheight: 590.14995pt
Sidefoothsep and sidefootwidth: 7pt and 42pt
Sidefootvsep and sidefootheight: 14.5pt and 590.14995pt
******************************************************

)

LaTeX Warning: Unused global option(s):
    [apalike,makeidx].

(C:\Users\Rodrigo\Desktop\INZ.TEX\mobistopowicz.aux

LaTeX Warning: Label `fig:test1sphere' multiply defined.


LaTeX Warning: Label `fig:test1sphere' multiply defined.

)
LaTeX Font Info:    Checking defaults for OML/cmm/m/it on input line 8.
LaTeX Font Info:    ... okay on input line 8.
LaTeX Font Info:    Checking defaults for T1/cmr/m/n on input line 8.
LaTeX Font Info:    ... okay on input line 8.
LaTeX Font Info:    Checking defaults for OT1/cmr/m/n on input line 8.
LaTeX Font Info:    ... okay on input line 8.
LaTeX Font Info:    Checking defaults for OMS/cmsy/m/n on input line 8.
LaTeX Font Info:    ... okay on input line 8.
LaTeX Font Info:    Checking defaults for OMX/cmex/m/n on input line 8.
LaTeX Font Info:    ... okay on input line 8.
LaTeX Font Info:    Checking defaults for U/cmr/m/n on input line 8.
LaTeX Font Info:    ... okay on input line 8.
LaTeX Font Info:    Checking defaults for OT4/cmr/m/n on input line 8.
LaTeX Font Info:    ... okay on input line 8.
LaTeX Font Info:    Checking defaults for PD1/pdf/m/n on input line 8.
LaTeX Font Info:    ... okay on input line 8.
LaTeX Font Info:    Checking defaults for PU/pdf/m/n on input line 8.
LaTeX Font Info:    ... okay on input line 8.
LaTeX Font Info:    Try loading font information for OT4+pbk on input line 8.
LaTeX Font Info:    No file OT4pbk.fd. on input line 8.


LaTeX Font Warning: Font shape `OT4/pbk/m/n' undefined
(Font)              using `OT4/cmr/m/n' instead on input line 8.

("C:\Program Files\MiKTeX 2.9\tex\context\base\supp-pdf.tex"
loading : Context Support Macros / PDF
\scratchcounter=\count183
\scratchdimen=\dimen177
\scratchbox=\box41
\nofMPsegments=\count184
\nofMParguments=\count185
\everyMPshowfont=\toks46
\MPscratchCnt=\count186
\MPscratchDim=\dimen178
\MPnumerator=\count187
\everyMPtoPDFconversion=\toks47
)
\c@lstlisting=\count188
\AtBeginShipoutBox=\box42
Package hyperref Info: Link coloring OFF on input line 8.
 ("C:\Program Files\MiKTeX 2.9\tex\latex\hyperref\nameref.sty"
Package: nameref 2010/04/30 v2.40 Cross-referencing by name of section

("C:\Program Files\MiKTeX 2.9\tex\latex\oberdiek\refcount.sty"
Package: refcount 2008/08/11 v3.1 Data extraction from references (HO)
)
("C:\Program Files\MiKTeX 2.9\tex\generic\oberdiek\gettitlestring.sty"
Package: gettitlestring 2009/12/18 v1.3 Cleanup title references (HO)
)
\c@section@level=\count189
)
Redoing nameref's sectioning
Redoing nameref's label
LaTeX Info: Redefining \nameref on input line 8.
LaTeX Info: Redefining \ref on input line 8.
LaTeX Info: Redefining \pageref on input line 8.
LaTeX Info: Redefining \nameref on input line 8.
(C:\Users\Rodrigo\Desktop\INZ.TEX\mobistopowicz.out)
(C:\Users\Rodrigo\Desktop\INZ.TEX\mobistopowicz.out)
\@outlinefile=\write6

(C:\Users\Rodrigo\Desktop\INZ.TEX\front.tex
LaTeX Font Info:    Try loading font information for OT4+pag on input line 10.
LaTeX Font Info:    No file OT4pag.fd. on input line 10.


LaTeX Font Warning: Font shape `OT4/pag/m/n' undefined
(Font)              using `OT4/cmr/m/n' instead on input line 10.



pdfTeX warning: (null) (file C:/Users/Rodrigo/Desktop/INZ.TEX/logo.pdf): PDF in
clusion: found PDF version <1.5>, but at most version <1.4> allowed
<logo.pdf, id=183, 597.55246pt x 845.07718pt>
File: logo.pdf Graphic file (type pdf)
 <use logo.pdf>

LaTeX Font Warning: Font shape `OT4/pag/bx/n' undefined
(Font)              using `OT4/pag/m/n' instead on input line 23.

[1


{C:/ProgramData/MiKTeX/2.9/pdftex/config/pdftex.map} <C:/Users/Rodrigo/Desktop/
INZ.TEX/logo.pdf>]
Underfull \hbox (badness 10000) in paragraph at lines 64--71

 []


Underfull \hbox (badness 10000) in paragraph at lines 64--71

 []

[2

]

LaTeX Font Warning: Font shape `OT4/pbk/bx/n' undefined
(Font)              using `OT4/pbk/m/n' instead on input line 74.


Underfull \hbox (badness 10000) in paragraph at lines 75--78

 []


Underfull \hbox (badness 10000) in paragraph at lines 75--78

 []


Underfull \hbox (badness 10000) in paragraph at lines 75--78

 []

[3

] (C:\Users\Rodrigo\Desktop\INZ.TEX\mobistopowicz.toc
LaTeX Font Info:    Try loading font information for OML+plm on input line 3.

("C:\Program Files\MiKTeX 2.9\tex\latex\polski\omlplm.fd"
File: omlplm.fd 2008/02/24 v1.2.1 Font defs for fonts PL (MW)
)
LaTeX Font Info:    Try loading font information for OMS+plsy on input line 3.

("C:\Program Files\MiKTeX 2.9\tex\latex\polski\omsplsy.fd"
File: omsplsy.fd 2008/02/24 v1.2.1 Font defs for fonts PL (MW)
)
LaTeX Font Info:    Try loading font information for OMX+plex on input line 3.

("C:\Program Files\MiKTeX 2.9\tex\latex\polski\omxplex.fd"
File: omxplex.fd 2008/02/24 v1.2.1 Font defs for fonts PL (MW)
)
LaTeX Font Info:    External font `plex10' loaded for size
(Font)              <12> on input line 3.
LaTeX Font Info:    External font `plex10' loaded for size
(Font)              <8> on input line 3.
LaTeX Font Info:    External font `plex10' loaded for size
(Font)              <6> on input line 3.
LaTeX Font Info:    Try loading font information for U+msa on input line 3.

("C:\Program Files\MiKTeX 2.9\tex\latex\amsfonts\umsa.fd"
File: umsa.fd 2009/06/22 v3.00 AMS symbols A
)
LaTeX Font Info:    Try loading font information for U+msb on input line 3.

("C:\Program Files\MiKTeX 2.9\tex\latex\amsfonts\umsb.fd"
File: umsb.fd 2009/06/22 v3.00 AMS symbols B
)
LaTeX Font Info:    Try loading font information for U+stmry on input line 3.

("C:\Program Files\MiKTeX 2.9\tex\latex\stmaryrd\ustmry.fd")pdfTeX warning (ext
4): destination with the same identifier (name{page.i}) has been already used, 
duplicate ignored
<to be read again> 
                   \relax 
l.27 ...5.1}Za\IeC {\l }o\.zenia}{18}{section.5.1}
                                                   [1

]))

LaTeX Font Warning: Font shape `OT4/pbk/m/sl' undefined
(Font)              using `OT4/pbk/m/n' instead on input line 55.

pdfTeX warning (ext4): destination with the same identifier (name{page.ii}) has
 been already used, duplicate ignored
<to be read again> 
                   \relax 
l.55 \input
           {ack//ack.tex} [2] (C:\Users\Rodrigo\Desktop\INZ.TEX\ack//ack.tex)
(C:\Users\Rodrigo\Desktop\INZ.TEX\roz1//roz1.tex [1



]
<roz1/img/tron.jpg, id=268, 72.27pt x 48.18pt>
File: roz1/img/tron.jpg Graphic file (type jpg)
 <use roz1/img/tron.jpg>

LaTeX Font Warning: Font shape `OT4/pbk/m/it' undefined
(Font)              using `OT4/pbk/m/n' instead on input line 15.

<roz1/img/avatar.jpg, id=269, 96.36pt x 71.42685pt>
File: roz1/img/avatar.jpg Graphic file (type jpg)
 <use roz1/img/avatar.jpg>
<roz1/img/shreck.jpg, id=270, 401.5pt x 321.2pt>
File: roz1/img/shreck.jpg Graphic file (type jpg)
 <use roz1/img/shreck.jpg>
[2

 <C:/Users/Rodrigo/Desktop/INZ.TEX/roz1/img/tron.jpg> <C:/Users/Rodrigo/Desktop
/INZ.TEX/roz1/img/avatar.jpg> <C:/Users/Rodrigo/Desktop/INZ.TEX/roz1/img/shreck
.jpg>]
LaTeX Font Info:    Try loading font information for OMS+pbk on input line 39.
 ("C:\Program Files\MiKTeX 2.9\tex\latex\psnfss\omspbk.fd"
File: omspbk.fd 
)
LaTeX Font Info:    Font shape `OMS/pbk/m/n' in size <12> not available
(Font)              Font shape `OMS/cmsy/m/n' tried instead on input line 39.
 [3]
<roz1/img/cuda_logo.jpg, id=282, 547.04375pt x 360.34625pt>
File: roz1/img/cuda_logo.jpg Graphic file (type jpg)

<use roz1/img/cuda_logo.jpg>
<roz1/img/ati_logo.jpg, id=283, 30.1125pt x 27.9444pt>
File: roz1/img/ati_logo.jpg Graphic file (type jpg)

<use roz1/img/ati_logo.jpg>

LaTeX Warning: `h' float specifier changed to `ht'.

[4] [5 <C:/Users/Rodrigo/Desktop/INZ.TEX/roz1/img/cuda_logo.jpg> <C:/Users/Rodr
igo/Desktop/INZ.TEX/roz1/img/ati_logo.jpg>])
(C:\Users\Rodrigo\Desktop\INZ.TEX\roz2//roz2.tex)
(C:\Users\Rodrigo\Desktop\INZ.TEX\roz3//roz3.tex [6


]
<roz3/img/barwa_pixela.png, id=298, 77.088pt x 57.816pt>
File: roz3/img/barwa_pixela.png Graphic file (type png)

<use roz3/img/barwa_pixela.png>

LaTeX Warning: `h' float specifier changed to `ht'.

<roz3/img/rekursywny_algorytm.png, id=299, 48.18pt x 39.7485pt>
File: roz3/img/rekursywny_algorytm.png Graphic file (type png)

<use roz3/img/rekursywny_algorytm.png>

LaTeX Warning: `h' float specifier changed to `ht'.

[7

] ("C:\Program Files\MiKTeX 2.9\tex\latex\listings\lstlang1.sty"
File: lstlang1.sty 2004/09/05 1.3 listings language file
)
("C:\Program Files\MiKTeX 2.9\tex\latex\listings\lstmisc.sty"
File: lstmisc.sty 2007/02/22 1.4 (Carsten Heinz)
) [8 <C:/Users/Rodrigo/Desktop/INZ.TEX/roz3/img/barwa_pixela.png (PNG copy)>]
LaTeX Font Info:    Font shape `OMS/pbk/m/n' in size <10> not available
(Font)              Font shape `OMS/cmsy/m/n' tried instead on input line 45.
)
(C:\Users\Rodrigo\Desktop\INZ.TEX\roz4//roz4.tex [9 <C:/Users/Rodrigo/Desktop/I
NZ.TEX/roz3/img/rekursywny_algorytm.png>]
<roz4/img/processing_flow_cuda.png, id=329, 72.27pt x 69.861pt>
File: roz4/img/processing_flow_cuda.png Graphic file (type png)

<use roz4/img/processing_flow_cuda.png>

LaTeX Warning: `h' float specifier changed to `ht'.


Underfull \hbox (badness 10000) in paragraph at lines 19--21

 []


Underfull \hbox (badness 10000) in paragraph at lines 19--21

 []


Underfull \hbox (badness 10000) in paragraph at lines 19--21

 []


Underfull \hbox (badness 10000) in paragraph at lines 19--21

 []


Underfull \hbox (badness 7981) in paragraph at lines 28--28
[]|\OT4/pbk/m/it/12 GeForce 8800GTX/Ul-tra-/GTS,
 []


Underfull \hbox (badness 10000) in paragraph at lines 28--28
\OT4/pbk/m/it/12 Te-sla C/D/S870, FX4/5600,
 []


Underfull \hbox (badness 1226) in paragraph at lines 29--29
[]|\OT4/pbk/m/it/12 G86, G84,
 []


Underfull \hbox (badness 1226) in paragraph at lines 29--29
\OT4/pbk/m/it/12 G98, G96,
 []


Underfull \hbox (badness 10000) in paragraph at lines 29--29
\OT4/pbk/m/it/12 G96b,
 []


Underfull \hbox (badness 10000) in paragraph at lines 29--29
\OT4/pbk/m/it/12 G94,
 []


Underfull \hbox (badness 10000) in paragraph at lines 29--29
\OT4/pbk/m/it/12 G94b,
 []


Underfull \hbox (badness 10000) in paragraph at lines 29--29
[]|\OT4/pbk/m/it/12 GeForce 8400GS/GT,
 []


Underfull \hbox (badness 10000) in paragraph at lines 29--29
\OT4/pbk/m/it/12 8600GT/GTS, 8800GT,
 []


Underfull \hbox (badness 10000) in paragraph at lines 29--29
\OT4/pbk/m/it/12 9600GT/G-SO, 9800GT/G-
 []


Underfull \hbox (badness 10000) in paragraph at lines 29--29
\OT4/pbk/m/it/12 TX/GX2, GTS 250, GT
 []


Underfull \hbox (badness 10000) in paragraph at lines 29--29
\OT4/pbk/m/it/12 120/30, FX 4/570, 3/580,
 []


Underfull \hbox (badness 10000) in paragraph at lines 29--29
\OT4/pbk/m/it/12 17/18/3700, 4700x2, 1xxM,
 []


Underfull \hbox (badness 10000) in paragraph at lines 29--29
\OT4/pbk/m/it/12 32/370M, 3/5/770M,
 []


Underfull \hbox (badness 10000) in paragraph at lines 29--29
\OT4/pbk/m/it/12 16/17/27/28/36/37/3800M,
 []


Underfull \hbox (badness 10000) in paragraph at lines 30--30
[]|\OT4/pbk/m/it/12 GT218,
 []


Underfull \hbox (badness 10000) in paragraph at lines 30--30
\OT4/pbk/m/it/12 GT216,
 []


Underfull \hbox (badness 7256) in paragraph at lines 30--30
\OT4/pbk/m/it/12 LP, 1800M, 370/380M, NVS
 []


Underfull \hbox (badness 10000) in paragraph at lines 31--31
[]|\OT4/pbk/m/it/12 GT200,
 []


Underfull \hbox (badness 4660) in paragraph at lines 31--31
[]|\OT4/pbk/m/it/12 GTX 260/75/80/85, 295, Te-
 []


Underfull \hbox (badness 1436) in paragraph at lines 31--31
\OT4/pbk/m/it/12 sla C/M1060, S1070, CX, FX
 []


Underfull \hbox (badness 10000) in paragraph at lines 32--32
[]|\OT4/pbk/m/it/12 GF100,
 []


Underfull \hbox (badness 10000) in paragraph at lines 32--32
[]|\OT4/pbk/m/it/12 GTX 465, 470/80, Te-sla
 []


Underfull \hbox (badness 10000) in paragraph at lines 32--32
\OT4/pbk/m/it/12 C2050/70, S/M2050/70, Qu-
 []


Underfull \hbox (badness 10000) in paragraph at lines 32--32
\OT4/pbk/m/it/12 adro 600,4/5/6000, Plex7000,
 []


Underfull \hbox (badness 10000) in paragraph at lines 33--33
[]|\OT4/pbk/m/it/12 GF108,
 []


Underfull \hbox (badness 10000) in paragraph at lines 33--33
\OT4/pbk/m/it/12 GF106,
 []


Overfull \hbox (23.48578pt too wide) in paragraph at lines 24--35
 [][] 
 []

[10

]

LaTeX Warning: `h' float specifier changed to `ht'.


Underfull \hbox (badness 10000) in paragraph at lines 49--49
[]|\OT4/pbk/m/it/12 Funkcje ato-mo-we w pa-mi¦-ci
 []


Overfull \hbox (0.92195pt too wide) in paragraph at lines 50--50
[]|\OT4/pbk/m/it/12 16384| 
 []


Overfull \hbox (0.92195pt too wide) in paragraph at lines 50--50
[]|\OT4/pbk/m/it/12 16384| 
 []


Underfull \hbox (badness 1005) in paragraph at lines 51--51
[]|\OT4/pbk/m/it/12 Maksymalna licz-ba war-pów na
 []


Underfull \hbox (badness 4242) in paragraph at lines 52--52
[]|\OT4/pbk/m/it/12 Maksymalna licz-ba ak-tyw-nych
 []


LaTeX Warning: `h' float specifier changed to `ht'.

<roz4/img/multiprocesor.jpg, id=339, 19.272pt x 30.5943pt>
File: roz4/img/multiprocesor.jpg Graphic file (type jpg)

<use roz4/img/multiprocesor.jpg>

LaTeX Warning: `h' float specifier changed to `ht'.


Overfull \vbox (15.31653pt too high) has occurred while \output is active []


[11 <C:/Users/Rodrigo/Desktop/INZ.TEX/roz4/img/processing_flow_cuda.png (PNG co
py)>]
Overfull \vbox (15.31653pt too high) has occurred while \output is active []


[12]
Overfull \vbox (15.31653pt too high) has occurred while \output is active []


[13]
Overfull \vbox (15.31653pt too high) has occurred while \output is active []


[14 <C:/Users/Rodrigo/Desktop/INZ.TEX/roz4/img/multiprocesor.jpg>]
<roz4/img/pamiec.jpg, id=361, 40.4712pt x 50.3481pt>
File: roz4/img/pamiec.jpg Graphic file (type jpg)
 <use roz4/img/pamiec.jpg>
Overfull \vbox (15.31653pt too high) has occurred while \output is active []


[15 <C:/Users/Rodrigo/Desktop/INZ.TEX/roz4/img/pamiec.jpg>]
LaTeX Font Info:    Try loading font information for OML+pbk on input line 123.


("C:\Program Files\MiKTeX 2.9\tex\latex\psnfss\omlpbk.fd"
File: omlpbk.fd 
)
LaTeX Font Info:    Font shape `OML/pbk/m/n' in size <10> not available
(Font)              Font shape `OML/cmm/m/it' tried instead on input line 123.
)
(C:\Users\Rodrigo\Desktop\INZ.TEX\roz5//roz5.tex
Overfull \vbox (15.31653pt too high) has occurred while \output is active []


[16]
Overfull \vbox (15.31653pt too high) has occurred while \output is active []


[17] [18

]
Underfull \hbox (badness 10000) in paragraph at lines 22--27

 []


Underfull \hbox (badness 10000) in paragraph at lines 22--27

 []

[19] <roz5/img/rt1.png, id=425, 311.66437pt x 331.2375pt>
File: roz5/img/rt1.png Graphic file (type png)

<use roz5/img/rt1.png> <roz5/img/rt2.png, id=426, 312.41719pt x 328.97906pt>
File: roz5/img/rt2.png Graphic file (type png)

<use roz5/img/rt2.png> <roz5/img/rt3.png, id=427, 312.41719pt x 331.99031pt>
File: roz5/img/rt3.png Graphic file (type png)

<use roz5/img/rt3.png>) (C:\Users\Rodrigo\Desktop\INZ.TEX\roz6//roz6.tex

LaTeX Warning: `h' float specifier changed to `ht'.


LaTeX Warning: `h' float specifier changed to `ht'.

[20 <C:/Users/Rodrigo/Desktop/INZ.TEX/roz5/img/rt1.png (PNG copy)>] [21 <C:/Use
rs/Rodrigo/Desktop/INZ.TEX/roz5/img/rt2.png (PNG copy)> <C:/Users/Rodrigo/Deskt
op/INZ.TEX/roz5/img/rt3.png (PNG copy)>] [22

]
<roz6/img/spheres.png, id=444, 401.5pt x 401.5pt>
File: roz6/img/spheres.png Graphic file (type png)
 <use roz6/img/spheres.png>
<roz6/img/wykres_cpu_spheres.png, id=445, 560.0925pt x 326.72063pt>
File: roz6/img/wykres_cpu_spheres.png Graphic file (type png)

<use roz6/img/wykres_cpu_spheres.png>
<roz6/img/wykres_gpu_spheres.png, id=446, 559.33969pt x 362.10281pt>
File: roz6/img/wykres_gpu_spheres.png Graphic file (type png)

<use roz6/img/wykres_gpu_spheres.png>

LaTeX Warning: `h' float specifier changed to `ht'.


Overfull \vbox (14.86998pt too high) has occurred while \output is active []


[23

 <C:/Users/Rodrigo/Desktop/INZ.TEX/roz6/img/spheres.png> <C:/Users/Rodrigo/Desk
top/INZ.TEX/roz6/img/wykres_cpu_spheres.png (PNG copy)>]
Overfull \vbox (14.86998pt too high) has occurred while \output is active []


[24 <C:/Users/Rodrigo/Desktop/INZ.TEX/roz6/img/wykres_gpu_spheres.png (PNG copy
)>] <roz6/img/boxes.png, id=458, 401.5pt x 401.5pt>
File: roz6/img/boxes.png Graphic file (type png)
 <use roz6/img/boxes.png>
<roz6/img/wykres_cpu_boxes.png, id=459, 560.0925pt x 326.72063pt>
File: roz6/img/wykres_cpu_boxes.png Graphic file (type png)

<use roz6/img/wykres_cpu_boxes.png>
<roz6/img/wykres_gpu_boxes.png, id=460, 559.33969pt x 362.10281pt>
File: roz6/img/wykres_gpu_boxes.png Graphic file (type png)

<use roz6/img/wykres_gpu_boxes.png>

LaTeX Warning: `h' float specifier changed to `ht'.


Overfull \vbox (14.86998pt too high) has occurred while \output is active []


[25

 <C:/Users/Rodrigo/Desktop/INZ.TEX/roz6/img/boxes.png> <C:/Users/Rodrigo/Deskto
p/INZ.TEX/roz6/img/wykres_cpu_boxes.png (PNG copy)>]
Overfull \vbox (14.86998pt too high) has occurred while \output is active []


[26 <C:/Users/Rodrigo/Desktop/INZ.TEX/roz6/img/wykres_gpu_boxes.png (PNG copy)>
] <roz6/img/mixed_scene.png, id=473, 401.5pt x 401.5pt>
File: roz6/img/mixed_scene.png Graphic file (type png)

<use roz6/img/mixed_scene.png>
<roz6/img/wykres_cpu_mixed.png, id=474, 560.0925pt x 326.72063pt>
File: roz6/img/wykres_cpu_mixed.png Graphic file (type png)

<use roz6/img/wykres_cpu_mixed.png>

LaTeX Warning: `h' float specifier changed to `ht'.

<roz6/img/wykres_gpu_mixed.png, id=475, 559.33969pt x 362.10281pt>
File: roz6/img/wykres_gpu_mixed.png Graphic file (type png)

<use roz6/img/wykres_gpu_mixed.png>

LaTeX Warning: `h' float specifier changed to `ht'.


Overfull \vbox (14.86998pt too high) has occurred while \output is active []


[27

 <C:/Users/Rodrigo/Desktop/INZ.TEX/roz6/img/mixed_scene.png>]
Overfull \vbox (14.86998pt too high) has occurred while \output is active []


[28 <C:/Users/Rodrigo/Desktop/INZ.TEX/roz6/img/wykres_cpu_mixed.png (PNG copy)>
 <C:/Users/Rodrigo/Desktop/INZ.TEX/roz6/img/wykres_gpu_mixed.png (PNG copy)>]
<roz6/img/light_2.png, id=487, 401.5pt x 401.5pt>
File: roz6/img/light_2.png Graphic file (type png)
 <use roz6/img/light_2.png>
<roz6/img/light_4.png, id=488, 401.5pt x 401.5pt>
File: roz6/img/light_4.png Graphic file (type png)
 <use roz6/img/light_4.png>
<roz6/img/light_8.png, id=489, 401.5pt x 401.5pt>
File: roz6/img/light_8.png Graphic file (type png)
 <use roz6/img/light_8.png>
<roz6/img/light_16.png, id=490, 401.5pt x 401.5pt>
File: roz6/img/light_16.png Graphic file (type png)
 <use roz6/img/light_16.png>
<roz6/img/wykres_cpu_lights.png, id=491, 560.0925pt x 326.72063pt>
File: roz6/img/wykres_cpu_lights.png Graphic file (type png)

<use roz6/img/wykres_cpu_lights.png>

LaTeX Warning: `h' float specifier changed to `ht'.

<roz6/img/wykres_gpu_lights.png, id=492, 559.33969pt x 362.10281pt>
File: roz6/img/wykres_gpu_lights.png Graphic file (type png)

<use roz6/img/wykres_gpu_lights.png>

LaTeX Warning: `h' float specifier changed to `ht'.


Overfull \vbox (14.86998pt too high) has occurred while \output is active []


[29

 <C:/Users/Rodrigo/Desktop/INZ.TEX/roz6/img/light_2.png> <C:/Users/Rodrigo/Desk
top/INZ.TEX/roz6/img/light_4.png> <C:/Users/Rodrigo/Desktop/INZ.TEX/roz6/img/li
ght_8.png> <C:/Users/Rodrigo/Desktop/INZ.TEX/roz6/img/light_16.png>]
Overfull \vbox (14.86998pt too high) has occurred while \output is active []


[30 <C:/Users/Rodrigo/Desktop/INZ.TEX/roz6/img/wykres_cpu_lights.png (PNG copy)
> <C:/Users/Rodrigo/Desktop/INZ.TEX/roz6/img/wykres_gpu_lights.png (PNG copy)>]
<roz6/img/reflection_on.png, id=504, 401.5pt x 401.5pt>
File: roz6/img/reflection_on.png Graphic file (type png)

<use roz6/img/reflection_on.png>
<roz6/img/reflection_off.png, id=505, 401.5pt x 401.5pt>
File: roz6/img/reflection_off.png Graphic file (type png)

<use roz6/img/reflection_off.png>
<roz6/img/wykres_cpu_reflections.png, id=506, 560.0925pt x 326.72063pt>
File: roz6/img/wykres_cpu_reflections.png Graphic file (type png)

<use roz6/img/wykres_cpu_reflections.png>
<roz6/img/wykres_gpu_reflections.png, id=507, 559.33969pt x 362.10281pt>
File: roz6/img/wykres_gpu_reflections.png Graphic file (type png)

<use roz6/img/wykres_gpu_reflections.png>

LaTeX Warning: `h' float specifier changed to `ht'.


Overfull \vbox (14.86998pt too high) has occurred while \output is active []


[31

 <C:/Users/Rodrigo/Desktop/INZ.TEX/roz6/img/reflection_on.png> <C:/Users/Rodrig
o/Desktop/INZ.TEX/roz6/img/reflection_off.png> <C:/Users/Rodrigo/Desktop/INZ.TE
X/roz6/img/wykres_cpu_reflections.png (PNG copy)>]
Overfull \vbox (14.86998pt too high) has occurred while \output is active []


[32 <C:/Users/Rodrigo/Desktop/INZ.TEX/roz6/img/wykres_gpu_reflections.png (PNG 
copy)>] <roz6/img/refraction_on.png, id=520, 401.5pt x 401.5pt>
File: roz6/img/refraction_on.png Graphic file (type png)

<use roz6/img/refraction_on.png>
<roz6/img/refraction_off.png, id=521, 401.5pt x 401.5pt>
File: roz6/img/refraction_off.png Graphic file (type png)

<use roz6/img/refraction_off.png>
<roz6/img/wykres_cpu_refractions.png, id=522, 560.0925pt x 326.72063pt>
File: roz6/img/wykres_cpu_refractions.png Graphic file (type png)

<use roz6/img/wykres_cpu_refractions.png>
<roz6/img/wykres_gpu_refractions.png, id=523, 559.33969pt x 362.10281pt>
File: roz6/img/wykres_gpu_refractions.png Graphic file (type png)

<use roz6/img/wykres_gpu_refractions.png>

LaTeX Warning: `h' float specifier changed to `ht'.


Overfull \vbox (14.86998pt too high) has occurred while \output is active []


[33

 <C:/Users/Rodrigo/Desktop/INZ.TEX/roz6/img/refraction_on.png> <C:/Users/Rodrig
o/Desktop/INZ.TEX/roz6/img/refraction_off.png> <C:/Users/Rodrigo/Desktop/INZ.TE
X/roz6/img/wykres_cpu_refractions.png (PNG copy)>]
Overfull \vbox (14.86998pt too high) has occurred while \output is active []


[34 <C:/Users/Rodrigo/Desktop/INZ.TEX/roz6/img/wykres_gpu_refractions.png (PNG 
copy)>] <roz6/img/textures_on.png, id=535, 401.5pt x 401.5pt>
File: roz6/img/textures_on.png Graphic file (type png)

<use roz6/img/textures_on.png>
<roz6/img/textures_off.png, id=536, 401.5pt x 401.5pt>
File: roz6/img/textures_off.png Graphic file (type png)

<use roz6/img/textures_off.png>
<roz6/img/wykres_cpu_textures.png, id=537, 560.0925pt x 326.72063pt>
File: roz6/img/wykres_cpu_textures.png Graphic file (type png)

<use roz6/img/wykres_cpu_textures.png>
<roz6/img/wykres_gpu_textures.png, id=538, 559.33969pt x 362.10281pt>
File: roz6/img/wykres_gpu_textures.png Graphic file (type png)

<use roz6/img/wykres_gpu_textures.png>

LaTeX Warning: `h' float specifier changed to `ht'.


Overfull \vbox (14.86998pt too high) has occurred while \output is active []


[35

 <C:/Users/Rodrigo/Desktop/INZ.TEX/roz6/img/textures_on.png> <C:/Users/Rodrigo/
Desktop/INZ.TEX/roz6/img/textures_off.png> <C:/Users/Rodrigo/Desktop/INZ.TEX/ro
z6/img/wykres_cpu_textures.png (PNG copy)>]
Overfull \vbox (14.86998pt too high) has occurred while \output is active []


[36 <C:/Users/Rodrigo/Desktop/INZ.TEX/roz6/img/wykres_gpu_textures.png (PNG cop
y)>]
Overfull \vbox (14.86998pt too high) has occurred while \output is active []


[37

]) (C:\Users\Rodrigo\Desktop\INZ.TEX\roz7//roz7.tex
Overfull \vbox (14.86998pt too high) has occurred while \output is active []


[38

] [39

]
Overfull \hbox (11.37923pt too wide) in paragraph at lines 22--23
[]\OT4/pbk/m/it/12 Ulepszenie me-to-dy wstecz-ne-go ray-tra-cin-gu ad-ap-tu-j¡c
 al-go-ryt-my photon-
 []

) (C:\Users\Rodrigo\Desktop\INZ.TEX\mobistopowicz.bbl [40]
bibitemlist
LaTeX Font Info:    Try loading font information for OT4+pcr on input line 8.
LaTeX Font Info:    No file OT4pcr.fd. on input line 8.

LaTeX Font Warning: Font shape `OT4/pcr/m/n' undefined
(Font)              using `OT4/cmr/m/n' instead on input line 8.

LaTeX Font Info:    External font `plex10' loaded for size
(Font)              <10.95> on input line 8.
) [41

] (C:\Users\Rodrigo\Desktop\INZ.TEX\back.tex
(C:\Users\Rodrigo\Desktop\INZ.TEX\mobistopowicz.lof [42



]) [43]
(C:\Users\Rodrigo\Desktop\INZ.TEX\mobistopowicz.lot)
(C:\Users\Rodrigo\Desktop\INZ.TEX\mobistopowicz.ind)) [44

]
\tf@toc=\write7
\tf@lof=\write8
\tf@lot=\write9
Package atveryend Info: Empty hook `BeforeClearDocument' on input line 86.
Package atveryend Info: Empty hook `AfterLastShipout' on input line 86.

(C:\Users\Rodrigo\Desktop\INZ.TEX\mobistopowicz.aux)
Package atveryend Info: Executing hook `AtVeryEndDocument' on input line 86.
Package rerunfilecheck Info: File `mobistopowicz.out' has not changed.
(rerunfilecheck)             Checksum: 787A002E8FE1021A30208B7BD42EC98F;10848.


LaTeX Font Warning: Some font shapes were not available, defaults substituted.


LaTeX Warning: There were multiply-defined labels.

 ) 
Here is how much of TeX's memory you used:
 13369 strings out of 494028
 184770 string characters out of 3146973
 348121 words of memory out of 3000000
 16158 multiletter control sequences out of 15000+200000
 14776 words of font info for 48 fonts, out of 3000000 for 9000
 714 hyphenation exceptions out of 8191
 37i,12n,51p,1176b,1405s stack positions out of 5000i,500n,10000p,200000b,50000s
{C:/Program Files/MiKTeX 2.9/fonts/enc/dvips/pl/plrm.enc}<C:/Program Files/Mi
KTeX 2.9/fonts/type1/public/amsfonts/cm/cmmi10.pfb><C:/Program Files/MiKTeX 2.9
/fonts/type1/public/amsfonts/cm/cmsy10.pfb><C:/Program Files/MiKTeX 2.9/fonts/t
ype1/public/amsfonts/symbols/msam10.pfb><C:/Program Files/MiKTeX 2.9/fonts/type
1/public/pl/plr10.pfb><C:/Program Files/MiKTeX 2.9/fonts/type1/public/pl/plr12.
pfb><C:/Program Files/MiKTeX 2.9/fonts/type1/public/pl/plr17.pfb>
Output written on mobistopowicz.pdf (49 pages, 3513481 bytes).
PDF statistics:
 706 PDF objects out of 1000 (max. 8388607)
 189 named destinations out of 1000 (max. 500000)
 566 words of extra memory for PDF output out of 10000 (max. 10000000)

