\BOOKMARK [0][-]{section*.1}{\376\377\000S\000p\000i\000s\000\040\000t\000r\000e\001\133\000c\000i}{}% 1
\BOOKMARK [0][-]{chapter.1}{\376\377\0001\000\040\000W\000s\000t\001\031\000p}{}% 2
\BOOKMARK [1][-]{section.1.1}{\376\377\0001\000.\0001\000\040\000W\000p\000r\000o\000w\000a\000d\000z\000e\000n\000i\000e}{chapter.1}% 3
\BOOKMARK [1][-]{section.1.2}{\376\377\0001\000.\0002\000\040\000M\000o\000t\000y\000w\000a\000c\000j\000a}{chapter.1}% 4
\BOOKMARK [1][-]{section.1.3}{\376\377\0001\000.\0003\000\040\000T\000e\000r\000m\000i\000n\000o\000l\000o\000g\000i\000a\000\040\000w\000y\000k\000o\000r\000z\000y\000s\000t\000y\000w\000a\000n\000a\000\040\000w\000\040\000p\000r\000a\000c\000y}{chapter.1}% 5
\BOOKMARK [1][-]{section.1.4}{\376\377\0001\000.\0004\000\040\000D\000o\000s\000t\001\031\000p\000n\000e\000\040\000t\000e\000c\000h\000n\000o\000l\000o\000g\000i\000e\000,\000\040\000p\000o\000z\000w\000a\000l\000a\000j\001\005\000c\000e\000\040\000z\000r\000\363\000w\000n\000o\000l\000e\000g\000l\000i\001\007\000\040\000o\000b\000l\000i\000c\000z\000e\000n\000i\000a\000\040\000n\000a\000\040\000k\000a\000r\000t\000a\000c\000h\000\040\000g\000r\000a\000f\000i\000c\000z\000n\000y\000c\000h}{chapter.1}% 6
\BOOKMARK [2][-]{subsection.1.4.1}{\376\377\0001\000.\0004\000.\0001\000\040\000O\000p\000e\000n\000\040\000C\000o\000m\000p\000u\000t\000i\000n\000g\000\040\000L\000a\000n\000g\000u\000a\000g\000e\000\040\000\050\000O\000p\000e\000n\000C\000L\000\051}{section.1.4}% 7
\BOOKMARK [2][-]{subsection.1.4.2}{\376\377\0001\000.\0004\000.\0002\000\040\000A\000T\000I\000\040\000S\000t\000r\000e\000a\000m\000\040\000C\000o\000m\000p\000u\000t\000i\000n\000g}{section.1.4}% 8
\BOOKMARK [2][-]{subsection.1.4.3}{\376\377\0001\000.\0004\000.\0003\000\040\000N\000V\000I\000D\000I\000A\000\040\000C\000U\000D\000A}{section.1.4}% 9
\BOOKMARK [0][-]{chapter.2}{\376\377\0002\000\040\000C\000e\000l\000e\000\040\000p\000r\000a\000c\000y}{}% 10
\BOOKMARK [1][-]{section.2.1}{\376\377\0002\000.\0001\000\040\000O\000p\000r\000a\000c\000o\000w\000a\000n\000i\000e\000\040\000t\000e\000c\000h\000n\000i\000k\000i\000\040\000z\000r\000\363\000w\000n\000o\000l\000e\000g\000l\000e\000n\000i\000a\000\040\000i\000\040\000p\000r\000z\000y\000s\000p\000i\000e\000s\000z\000e\000n\000i\000a\000\040\000m\000e\000t\000o\000d\000y\000\040\001\133\000l\000e\000d\000z\000e\000n\000i\000a\000\040\000p\000r\000o\000m\000i\000e\000n\000i\000\040\000p\000r\000z\000y\000\040\000u\001\174\000y\000c\000i\000u\000\040\000N\000V\000I\000D\000I\000A\000\040\000C\000U\000D\000A}{chapter.2}% 11
\BOOKMARK [1][-]{section.2.2}{\376\377\0002\000.\0002\000\040\000P\000r\000o\000j\000e\000k\000t\000\040\000u\000n\000i\000w\000e\000r\000s\000a\000l\000n\000e\000j\000\040\000a\000p\000l\000i\000k\000a\000c\000j\000i\000\040\000-\000\040\000b\000e\000n\000c\000h\000m\000a\000r\000k}{chapter.2}% 12
\BOOKMARK [0][-]{chapter.3}{\376\377\0003\000\040\000W\000p\000r\000o\000w\000a\000d\000z\000e\000n\000i\000e\000\040\000d\000o\000\040\000R\000a\000y\000t\000r\000a\000c\000i\000n\000g\000u}{}% 13
\BOOKMARK [1][-]{section.3.1}{\376\377\0003\000.\0001\000\040\000W\000s\000t\001\031\000p\000n\000y\000\040\000o\000p\000i\000s}{chapter.3}% 14
\BOOKMARK [1][-]{section.3.2}{\376\377\0003\000.\0002\000\040\000R\000e\000k\000u\000r\000s\000y\000w\000n\000a\000\040\000m\000e\000t\000o\000d\000a\000\040\001\133\000l\000e\000d\000z\000e\000n\000i\000a\000\040\000p\000r\000o\000m\000i\000e\000n\000i}{chapter.3}% 15
\BOOKMARK [1][-]{section.3.3}{\376\377\0003\000.\0003\000\040\000P\000r\000z\000e\000d\000s\000t\000a\000w\000i\000e\000n\000i\000e\000\040\000a\000l\000g\000o\000r\000y\000t\000m\000u\000\040\001\133\000l\000e\000d\000z\000e\000n\000i\000a\000\040\000p\000r\000o\000m\000i\000e\000n\000i}{chapter.3}% 16
\BOOKMARK [1][-]{section.3.4}{\376\377\0003\000.\0004\000\040\000P\000r\000z\000y\000k\001\102\000a\000d\000\040\000s\000z\000\363\000s\000t\000y}{chapter.3}% 17
\BOOKMARK [0][-]{chapter.4}{\376\377\0004\000\040\000N\000V\000I\000D\000I\000A\000\040\000C\000U\000D\000A\000\040\000j\000a\000k\000o\000\040\000z\000n\000a\000k\000o\000m\000i\000t\000a\000\040\000p\000l\000a\000t\000f\000o\000r\000m\000a\000\040\000d\000o\000\040\000z\000r\000\363\000w\000n\000o\000l\000e\000g\000l\000e\000n\000i\000a\000\040\000o\000b\000l\000i\000c\000z\000e\001\104}{}% 18
\BOOKMARK [1][-]{section.4.1}{\376\377\0004\000.\0001\000\040\000W\000s\000t\001\031\000p\000n\000y\000\040\000o\000p\000i\000s}{chapter.4}% 19
\BOOKMARK [1][-]{section.4.2}{\376\377\0004\000.\0002\000\040\000W\000s\000p\000i\000e\000r\000a\000n\000e\000\040\000k\000a\000r\000t\000y\000\040\000o\000r\000a\000z\000\040\000z\000d\000o\000l\000n\000o\001\133\001\007\000\040\000o\000b\000l\000i\000c\000z\000e\000n\000i\000o\000w\000a}{chapter.4}% 20
\BOOKMARK [1][-]{section.4.3}{\376\377\0004\000.\0003\000\040\000A\000r\000c\000h\000i\000t\000e\000k\000t\000u\000r\000a}{chapter.4}% 21
\BOOKMARK [1][-]{section.4.4}{\376\377\0004\000.\0004\000\040\000R\000o\000d\000z\000a\000j\000e\000\040\000p\000a\000m\000i\001\031\000c\000i\000\040\000w\000\040\000a\000r\000c\000h\000i\000t\000e\000k\000t\000u\000r\000z\000e\000\040\000C\000U\000D\000A}{chapter.4}% 22
\BOOKMARK [1][-]{section.4.5}{\376\377\0004\000.\0005\000\040\000P\000r\000z\000y\000k\001\102\000a\000d\000o\000w\000y\000\040\000k\000o\000d\000\040\000p\000o\000d\000\040\000a\000r\000c\000h\000i\000t\000e\000k\000t\000u\000r\001\031\000\040\000C\000U\000D\000A}{chapter.4}% 23
\BOOKMARK [0][-]{chapter.5}{\376\377\0005\000\040\000O\000m\000\363\000w\000i\000e\000n\000i\000e\000\040\000a\000p\000l\000i\000k\000a\000c\000j\000i\000\040\000t\000e\000s\000t\000o\000w\000e\000j}{}% 24
\BOOKMARK [1][-]{section.5.1}{\376\377\0005\000.\0001\000\040\000Z\000a\001\102\000o\001\174\000e\000n\000i\000a}{chapter.5}% 25
\BOOKMARK [1][-]{section.5.2}{\376\377\0005\000.\0002\000\040\000I\000m\000p\000l\000e\000m\000e\000n\000t\000a\000c\000j\000a}{chapter.5}% 26
\BOOKMARK [1][-]{section.5.3}{\376\377\0005\000.\0003\000\040\000Z\000e\000s\000t\000a\000w\000\040\000t\000e\000s\000t\000\363\000w}{chapter.5}% 27
\BOOKMARK [1][-]{section.5.4}{\376\377\0005\000.\0004\000\040\000P\000r\000z\000y\000k\001\102\000a\000d\000y\000\040\000w\000y\000g\000e\000n\000e\000r\000o\000w\000a\000n\000y\000c\000h\000\040\000o\000b\000r\000a\000z\000\363\000w}{chapter.5}% 28
\BOOKMARK [0][-]{chapter.6}{\376\377\0006\000\040\000P\000o\000r\000\363\000w\000n\000a\000n\000i\000e\000\040\000w\000y\000d\000a\000j\000n\000o\001\133\000c\000i\000\040\000R\000a\000y\000t\000r\000a\000c\000e\000r\000a\000\040\000d\000z\000i\000a\001\102\000a\000j\001\005\000c\000e\000g\000o\000\040\000n\000a\000\040\000C\000P\000U\000\040\000o\000r\000a\000z\000\040\000n\000a\000\040\000G\000P\000U}{}% 29
\BOOKMARK [1][-]{section.6.1}{\376\377\0006\000.\0001\000\040\000T\000e\000s\000t\0001\000\040\000-\000\040\000T\000M\000P\000\040\000T\000E\000X\000T}{chapter.6}% 30
\BOOKMARK [1][-]{section.6.2}{\376\377\0006\000.\0002\000\040\000T\000e\000s\000t\0002\000\040\000-\000\040\000T\000M\000P\000\040\000T\000E\000X\000T}{chapter.6}% 31
\BOOKMARK [1][-]{section.6.3}{\376\377\0006\000.\0003\000\040\000T\000e\000s\000t\0003\000\040\000-\000\040\000T\000M\000P\000\040\000T\000E\000X\000T}{chapter.6}% 32
\BOOKMARK [1][-]{section.6.4}{\376\377\0006\000.\0004\000\040\000T\000e\000s\000t\0004\000\040\000-\000\040\000T\000M\000P\000\040\000T\000E\000X\000T}{chapter.6}% 33
\BOOKMARK [1][-]{section.6.5}{\376\377\0006\000.\0005\000\040\000T\000e\000s\000t\0005\000\040\000-\000\040\000T\000M\000P\000\040\000T\000E\000X\000T}{chapter.6}% 34
\BOOKMARK [1][-]{section.6.6}{\376\377\0006\000.\0006\000\040\000T\000e\000s\000t\0006\000\040\000-\000\040\000T\000M\000P\000\040\000T\000E\000X\000T}{chapter.6}% 35
\BOOKMARK [1][-]{section.6.7}{\376\377\0006\000.\0007\000\040\000T\000e\000s\000t\0007\000\040\000-\000\040\000T\000M\000P\000\040\000T\000E\000X\000T}{chapter.6}% 36
\BOOKMARK [1][-]{section.6.8}{\376\377\0006\000.\0008\000\040\000T\000e\000s\000t\0008\000\040\000-\000\040\000T\000M\000P\000\040\000T\000E\000X\000T}{chapter.6}% 37
\BOOKMARK [1][-]{section.6.9}{\376\377\0006\000.\0009\000\040\000T\000e\000s\000t\0009\000\040\000-\000\040\000T\000M\000P\000\040\000T\000E\000X\000T}{chapter.6}% 38
\BOOKMARK [1][-]{section.6.10}{\376\377\0006\000.\0001\0000\000\040\000T\000e\000s\000t\0001\0000\000\040\000-\000\040\000T\000M\000P\000\040\000T\000E\000X\000T}{chapter.6}% 39
\BOOKMARK [1][-]{section.6.11}{\376\377\0006\000.\0001\0001\000\040\000P\000o\000d\000s\000u\000m\000o\000w\000a\000n\000i\000e\000\040\000t\000e\000s\000t\000\363\000w}{chapter.6}% 40
\BOOKMARK [0][-]{chapter.7}{\376\377\0007\000\040\000P\000o\000d\000s\000u\000m\000o\000w\000a\000n\000i\000e\000\040\000i\000\040\000w\000n\000i\000o\000s\000k\000i}{}% 41
\BOOKMARK [0][-]{section*.3}{\376\377\000B\000i\000b\000l\000i\000o\000g\000r\000a\000f\000i\000a}{}% 42
\BOOKMARK [0][-]{section*.5}{\376\377\000S\000p\000i\000s\000\040\000r\000y\000s\000u\000n\000k\000\363\000w}{}% 43
\BOOKMARK [0][-]{section*.6}{\376\377\000S\000p\000i\000s\000\040\000t\000a\000b\000e\000l}{}% 44
