This is pdfTeX, Version 3.1415926-1.40.10 (MiKTeX 2.8) (preloaded format=pdflatex 2010.8.4)  3 SEP 2010 14:43
entering extended mode
**C:/Documents*and*Settings/sh/My*Documents/My*Dropbox/LEdProjects/mobiStopowicz/mobiStopowicz.tex
("C:/Documents and Settings/sh/My Documents/My Dropbox/LEdProjects/mobiStopowicz/mobiStopowicz.tex"
LaTeX2e <2005/12/01>
Babel <v3.8l> and hyphenation patterns for english, dumylang, nohyphenation, german, ngerman, german-x-2009-06-19, ngerm
an-x-2009-06-19, french, polish, loaded.
("C:\Program Files\MiKTeX 2.8\tex\latex\memoir\memoir.cls"
Document Class: memoir 2009/09/10 v1.61803398 configurable book, report, article document class
\onelineskip=\skip41
\lxvchars=\skip42
\xlvchars=\skip43
\@memcnta=\count79
\c@@memmarkcntra=\count80
("C:\Program Files\MiKTeX 2.8\tex\generic\oberdiek\ifpdf.sty"
Package: ifpdf 2009/04/10 v2.0 Provides the ifpdf switch (HO)
Package ifpdf Info: pdfTeX in pdf mode detected.
)
Class memoir Info: An `ifetex' package is being emulated on input line 251.

("C:\Program Files\MiKTeX 2.8\tex\latex\ifxetex\ifxetex.sty"
Package: ifxetex 2009/01/23 v0.5 Provides ifxetex conditional
)
("C:\Program Files\MiKTeX 2.8\tex\generic\oberdiek\ifluatex.sty"
Package: ifluatex 2009/04/17 v1.2 Provides the ifluatex switch (HO)
Package ifluatex Info: LuaTeX not detected.
)
\stockheight=\skip44
\stockwidth=\skip45
\trimtop=\skip46
\trimedge=\skip47
 ("C:\Program Files\MiKTeX 2.8\tex\latex\misc\etex.sty"
Package: etex 1998/03/26 v2.0 eTeX basic definition package (PEB)
\et@xins=\count81
) ("C:\Program Files\MiKTeX 2.8\tex\latex\memoir\mem12.clo"
File: mem12.clo 2008/01/30 v0.4 memoir class 12pt size option
)
\binding=\skip48
\spinemargin=\skip49
\foremargin=\skip50
\uppermargin=\skip51
\lowermargin=\skip52
\headdrop=\skip53
\normalrulethickness=\skip54
\headwidth=\skip55
\c@storedpagenumber=\count82
\memPD=\dimen102
\m@mabparskip=\skip56
\thanksmarkwidth=\skip57
\thanksmarksep=\skip58
\droptitle=\skip59
\c@book=\count83
\c@part=\count84
\c@chapter=\count85
\c@section=\count86
\c@subsection=\count87
\c@subsubsection=\count88
\c@paragraph=\count89
\c@subparagraph=\count90
\beforechapskip=\skip60
\midchapskip=\skip61
\afterchapskip=\skip62
\chapindent=\skip63
\bottomsectionskip=\skip64
\secindent=\skip65
\beforesecskip=\skip66
\aftersecskip=\skip67
\subsecindent=\skip68
\beforesubsecskip=\skip69
\aftersubsecskip=\skip70
\subsubsecindent=\skip71
\beforesubsubsecskip=\skip72
\aftersubsubsecskip=\skip73
\paraindent=\skip74
\beforeparaskip=\skip75
\afterparaskip=\skip76
\subparaindent=\skip77
\beforesubparaskip=\skip78
\aftersubparaskip=\skip79
\pfbreakskip=\skip80
\c@@ppsavesec=\count91
\c@@ppsaveapp=\count92
\ragrparindent=\dimen103
\everylistparindent=\dimen104
\parsepi=\skip81
\topsepi=\skip82
\itemsepi=\skip83
\parsepii=\skip84
\topsepii=\skip85
\topsepiii=\skip86
\itemsepii=\skip87
\itemsepiii=\skip88
\partopsepii=\skip89
\partopsepiii=\skip90
\m@msavetopsep=\skip91
\m@msavepartopsep=\skip92
\@enLab=\toks14
\abstitleskip=\skip93
\absleftindent=\skip94
\abs@leftindent=\dimen105
\absrightindent=\skip95
\absparindent=\skip96
\absparsep=\skip97
\c@vslineno=\count93
\c@poemline=\count94
\c@modulo@vs=\count95
\c@memfvsline=\count96
\vleftskip=\skip98
\vrightskip=\skip99
\stanzaskip=\skip100
\versewidth=\skip101
\vgap=\skip102
\vindent=\skip103
\vleftmargin=\dimen106
\c@verse=\count97
\c@chrsinstr=\count98
\beforepoemtitleskip=\skip104
\afterpoemtitleskip=\skip105
\c@poem=\count99
\beforePoemTitleskip=\skip106
\midPoemTitleskip=\skip107
\afterPoemTitleskip=\skip108
\col@sep=\dimen107
\extrarowheight=\dimen108
\NC@list=\toks15
\extratabsurround=\skip109
\backup@length=\skip110
\TX@col@width=\dimen109
\TX@old@table=\dimen110
\TX@old@col=\dimen111
\TX@target=\dimen112
\TX@delta=\dimen113
\TX@cols=\count100
\TX@ftn=\toks16
\heavyrulewidth=\dimen114
\lightrulewidth=\dimen115
\cmidrulewidth=\dimen116
\belowrulesep=\dimen117
\belowbottomsep=\dimen118
\aboverulesep=\dimen119
\abovetopsep=\dimen120
\cmidrulesep=\dimen121
\cmidrulekern=\dimen122
\defaultaddspace=\dimen123
\@cmidla=\count101
\@cmidlb=\count102
\@aboverulesep=\dimen124
\@belowrulesep=\dimen125
\@thisruleclass=\count103
\@lastruleclass=\count104
\@thisrulewidth=\dimen126
\ctableftskip=\skip111
\ctabrightskip=\skip112
\abovecolumnspenalty=\count105
\@linestogo=\count106
\@cellstogo=\count107
\@cellsincolumn=\count108
\crtok=\toks17
\@mincolumnwidth=\dimen127
\c@newflo@tctr=\count109
\@contcwidth=\skip113
\@contindw=\skip114
\abovecaptionskip=\skip115
\belowcaptionskip=\skip116
\subfloattopskip=\skip117
\subfloatcapskip=\skip118
\subfloatcaptopadj=\skip119
\subfloatbottomskip=\skip120
\subfloatlabelskip=\skip121
\subfloatcapmargin=\dimen128
\c@@contsubnum=\count110
\m@mscap@capbox=\box26
\m@mscap@fbox=\box27
\sidecapsep=\dimen129
\sidecapwidth=\dimen130
\m@m@tempdima=\dimen131
\m@mscapraise=\dimen132
\sidecapraise=\dimen133
\m@mscapmainwidth=\dimen134
\m@mscaplkern=\dimen135
\beforeepigraphskip=\skip122
\afterepigraphskip=\skip123
\epigraphwidth=\skip124
\epigraphrule=\skip125
LaTeX Info: Redefining \em on input line 7000.
LaTeX Info: Redefining \emph on input line 7008.
\tocentryskip=\skip126
\tocbaseline=\skip127
\cftparskip=\skip128
\cftbeforebookskip=\skip129
\cftbookindent=\dimen136
\cftbooknumwidth=\dimen137
\cftbeforepartskip=\skip130
\cftpartindent=\skip131
\cftpartnumwidth=\skip132
\cftbeforechapterskip=\skip133
\cftchapterindent=\skip134
\cftchapternumwidth=\skip135
\cftbeforesectionskip=\skip136
\cftsectionindent=\skip137
\cftsectionnumwidth=\skip138
\cftbeforesubsectionskip=\skip139
\cftsubsectionindent=\skip140
\cftsubsectionnumwidth=\skip141
\cftbeforesubsubsectionskip=\skip142
\cftsubsubsectionindent=\skip143
\cftsubsubsectionnumwidth=\skip144
\cftbeforeparagraphskip=\skip145
\cftparagraphindent=\skip146
\cftparagraphnumwidth=\skip147
\cftbeforesubparagraphskip=\skip148
\cftsubparagraphindent=\skip149
\cftsubparagraphnumwidth=\skip150
\prechapterprecisshift=\dimen138
\c@maxsecnumdepth=\count111
\bibindent=\dimen139
\bibitemsep=\skip151
\indexcolsep=\skip152
\indexrule=\skip153
\indexmarkstyle=\toks18
\@indexbox=\insert233
\glossarycolsep=\dimen140
\glossaryrule=\dimen141
\sideparvshift=\skip154
\sideins=\insert232
\sidebartopsep=\skip155
\sidebarhsep=\skip156
\sidebarvsep=\skip157
\sidebarwidth=\skip158
\footmarkwidth=\skip159
\footmarksep=\skip160
\footparindent=\skip161
\footinsdim=\skip162
\footinsv@r=\insert231
\@mpfootinsv@r=\insert230
\m@m@k=\count112
\m@m@h=\dimen142
\m@mipn@skip=\skip163
\c@pagenote=\count113
\every@verbatim=\toks19
\afterevery@verbatim=\toks20
\verbatim@line=\toks21
\tab@position=\count114
\verbatim@in@stream=\read1
\verbatimindent=\skip164
\verbatim@out=\write3
\bvboxsep=\skip165
\c@memfbvline=\count115
\c@bvlinectr=\count116
\bvnumlength=\skip166
\fb@frw=\dimen143
\fb@frh=\dimen144
\FrameRule=\dimen145
\FrameSep=\dimen146
\c@cp@cntr=\count117
LaTeX Info: Redefining \: on input line 10864.
LaTeX Info: Redefining \! on input line 10866.
\c@ism@mctr=\count118
\c@xsm@mctr=\count119
\c@csm@mctr=\count120
\c@ksm@mctr=\count121
\c@xksm@mctr=\count122
\c@cksm@mctr=\count123
\c@msm@mctr=\count124
\c@xmsm@mctr=\count125
\c@cmsm@mctr=\count126
\c@bsm@mctr=\count127
\c@workm@mctr=\count128
\c@sheetsequence=\count129
\c@lastsheet=\count130
\c@lastpage=\count131
\c@figure=\count132
\c@lofdepth=\count133
\cftbeforefigureskip=\skip167
\cftfigureindent=\skip168
\cftfigurenumwidth=\skip169
\c@table=\count134
\c@lotdepth=\count135
\cftbeforetableskip=\skip170
\cfttableindent=\skip171
\cfttablenumwidth=\skip172
Package abstract [2008/07/23] emulated by memoir.
Package appendix [2008/07/23] emulated by memoir.
Package array [2008/07/23] emulated by memoir.
Package booktabs [2008/07/23] emulated by memoir.
Package ccaption [2008/07/23] emulated by memoir.
Package changepage [2008/07/23] emulated by memoir.
Package chngcntr [2008/07/23] emulated by memoir.
Package chngpage [2008/07/23] emulated by memoir.
Package crop emulated by memoir.
Package dcolumn [2008/07/23] emulated by memoir.
Package delarray [2008/07/23] emulated by memoir.
Package enumerate [2008/07/23] emulated by memoir.
Package epigraph [2008/07/23] emulated by memoir.
Package ifmtarg [2008/07/23] emulated by memoir.
Package ifetex [2008/07/23] emulated by memoir.
Package index [2008/07/23] emulated by memoir.
Package makeidx [2008/07/23] emulated by memoir.
Package moreverb [2008/07/23] emulated by memoir.
Package mparhack [2008/07/23] emulated by memoir.
Package needspace [2008/07/23] emulated by memoir.
Package newfile [2008/07/23] emulated by memoir.
Package nextpage [2008/07/23] emulated by memoir.
Package pagenote [2008/07/23] emulated by memoir.
Package parskip [2008/07/23] emulated by memoir.
Package patchcmd [2008/07/23] emulated by memoir.
Package setspace [2008/07/23] emulated by memoir.
Package shortvrb [2008/07/23] emulated by memoir.
Package showidx [2008/07/23] emulated by memoir.
Package tabularx [2008/07/23] emulated by memoir.
Package titleref [2008/07/23] emulated by memoir.
Package titling [2008/07/23] emulated by memoir.
Package tocbibind [2008/07/23] emulated by memoir.
Package tocloft [2008/07/23] emulated by memoir.
Package verbatim [2008/07/23] emulated by memoir.
Package verse [2008/07/23] emulated by memoir.
 ("C:\Program Files\MiKTeX 2.8\tex\latex\memoir\mempatch.sty"
Package: mempatch 2009/07/24 v6.0f Patches for memoir class v1.6180339
)) ("C:\Documents and Settings\sh\My Documents\My Dropbox\LEdProjects\mobiStopowicz\style.tex"
("C:\Program Files\MiKTeX 2.8\tex\latex\graphics\graphicx.sty"
Package: graphicx 1999/02/16 v1.0f Enhanced LaTeX Graphics (DPC,SPQR)

("C:\Program Files\MiKTeX 2.8\tex\latex\graphics\keyval.sty"
Package: keyval 1999/03/16 v1.13 key=value parser (DPC)
\KV@toks@=\toks22
)
("C:\Program Files\MiKTeX 2.8\tex\latex\graphics\graphics.sty"
Package: graphics 2006/02/20 v1.0o Standard LaTeX Graphics (DPC,SPQR)
 ("C:\Program Files\MiKTeX 2.8\tex\latex\graphics\trig.sty"
Package: trig 1999/03/16 v1.09 sin cos tan (DPC)
) ("C:\Program Files\MiKTeX 2.8\tex\latex\00miktex\graphics.cfg"
File: graphics.cfg 2007/01/18 v1.5 graphics configuration of teTeX/TeXLive
)
Package graphics Info: Driver file: pdftex.def on input line 90.

("C:\Program Files\MiKTeX 2.8\tex\latex\pdftex-def\pdftex.def"
File: pdftex.def 2009/08/25 v0.04m Graphics/color for pdfTeX
\Gread@gobject=\count136
))
\Gin@req@height=\dimen147
\Gin@req@width=\dimen148
) ("C:\Program Files\MiKTeX 2.8\tex\latex\float\float.sty"
Package: float 2001/11/08 v1.3d Float enhancements (AL)
\c@float@type=\count137
\float@exts=\toks23
\float@box=\box28
\@float@everytoks=\toks24
\@floatcapt=\box29
) ("C:\Program Files\MiKTeX 2.8\tex\latex\graphics\epsfig.sty"
Package: epsfig 1999/02/16 v1.7a (e)psfig emulation (SPQR)
\epsfxsize=\dimen149
\epsfysize=\dimen150
)
("C:\Program Files\MiKTeX 2.8\tex\latex\ams\math\amsmath.sty"
Package: amsmath 2000/07/18 v2.13 AMS math features
\@mathmargin=\skip173

For additional information on amsmath, use the `?' option.
("C:\Program Files\MiKTeX 2.8\tex\latex\ams\math\amstext.sty"
Package: amstext 2000/06/29 v2.01
 ("C:\Program Files\MiKTeX 2.8\tex\latex\ams\math\amsgen.sty"
File: amsgen.sty 1999/11/30 v2.0
\@emptytoks=\toks25
\ex@=\dimen151
)) ("C:\Program Files\MiKTeX 2.8\tex\latex\ams\math\amsbsy.sty"
Package: amsbsy 1999/11/29 v1.2d
\pmbraise@=\dimen152
)
("C:\Program Files\MiKTeX 2.8\tex\latex\ams\math\amsopn.sty"
Package: amsopn 1999/12/14 v2.01 operator names
)
\inf@bad=\count138
LaTeX Info: Redefining \frac on input line 211.
\uproot@=\count139
\leftroot@=\count140
LaTeX Info: Redefining \overline on input line 307.
\classnum@=\count141
\DOTSCASE@=\count142
LaTeX Info: Redefining \ldots on input line 379.
LaTeX Info: Redefining \dots on input line 382.
LaTeX Info: Redefining \cdots on input line 467.
\Mathstrutbox@=\box30
\strutbox@=\box31
\big@size=\dimen153
LaTeX Font Info:    Redeclaring font encoding OML on input line 567.
LaTeX Font Info:    Redeclaring font encoding OMS on input line 568.
\macc@depth=\count143
\c@MaxMatrixCols=\count144
\dotsspace@=\muskip10
\c@parentequation=\count145
\dspbrk@lvl=\count146
\tag@help=\toks26
\row@=\count147
\column@=\count148
\maxfields@=\count149
\andhelp@=\toks27
\eqnshift@=\dimen154
\alignsep@=\dimen155
\tagshift@=\dimen156
\tagwidth@=\dimen157
\totwidth@=\dimen158
\lineht@=\dimen159
\@envbody=\toks28
\multlinegap=\skip174
\multlinetaggap=\skip175
\mathdisplay@stack=\toks29
LaTeX Info: Redefining \[ on input line 2666.
LaTeX Info: Redefining \] on input line 2667.
)
("C:\Program Files\MiKTeX 2.8\tex\latex\amsfonts\amssymb.sty"
Package: amssymb 2009/06/22 v3.00

("C:\Program Files\MiKTeX 2.8\tex\latex\amsfonts\amsfonts.sty"
Package: amsfonts 2009/06/22 v3.00 Basic AMSFonts support
\symAMSa=\mathgroup4
\symAMSb=\mathgroup5
LaTeX Font Info:    Overwriting math alphabet `\mathfrak' in version `bold'
(Font)                  U/euf/m/n --> U/euf/b/n on input line 96.
))
("C:\Program Files\MiKTeX 2.8\tex\latex\ams\classes\amsthm.sty"
Package: amsthm 2004/08/06 v2.20
\thm@style=\toks30
\thm@bodyfont=\toks31
\thm@headfont=\toks32
\thm@notefont=\toks33
\thm@headpunct=\toks34
\thm@preskip=\skip176
\thm@postskip=\skip177
\thm@headsep=\skip178
\dth@everypar=\toks35
)
("C:\Program Files\MiKTeX 2.8\tex\latex\stmaryrd\stmaryrd.sty"
Package: stmaryrd 1994/03/03 St Mary's Road symbol package
\symstmry=\mathgroup6
LaTeX Font Info:    Overwriting symbol font `stmry' in version `bold'
(Font)                  U/stmry/m/n --> U/stmry/b/n on input line 89.
) ("C:\Program Files\MiKTeX 2.8\tex\latex\ltxmisc\url.sty"
\Urlmuskip=\muskip11
Package: url 2006/04/12  ver 3.3  Verb mode for urls, etc.
) ("C:\Program Files\MiKTeX 2.8\tex\latex\tools\longtable.sty"
Package: longtable 2004/02/01 v4.11 Multi-page Table package (DPC)
\LTleft=\skip179
\LTright=\skip180
\LTpre=\skip181
\LTpost=\skip182
\LTchunksize=\count150
\LTcapwidth=\dimen160
\LT@head=\box32
\LT@firsthead=\box33
\LT@foot=\box34
\LT@lastfoot=\box35
\LT@cols=\count151
\LT@rows=\count152
\c@LT@tables=\count153
\c@LT@chunks=\count154
\LT@p@ftn=\toks36
) ("C:\Program Files\MiKTeX 2.8\tex\latex\polski\polski.sty"
Package: polski 2008/02/24 v1.3.3 Polish language package

Document language package `polski' v1.3.3 <2008/02/24>
   Switching to Polish text encoding and Polish maths fonts.
("C:\Program Files\MiKTeX 2.8\tex\latex\base\ot4enc.def"
File: ot4enc.def 2005/09/27 v1.99g Standard LaTeX file
)
LaTeX Font Info:    Try loading font information for OT4+cmr on input line 346.
 ("C:\Program Files\MiKTeX 2.8\tex\latex\polski\ot4cmr.fd"
File: ot4cmr.fd 2008/02/24 v1.2.1 Font defs for fonts PL (MW)
)
LaTeX Font Info:    Overwriting math alphabet `\mathbf' in version `normal'
(Font)                  OT1/cmr/bx/n --> OT4/cmr/bx/n on input line 346.
LaTeX Font Info:    Overwriting math alphabet `\mathsf' in version `normal'
(Font)                  OT1/cmss/m/n --> OT4/cmss/m/n on input line 346.
LaTeX Font Info:    Overwriting math alphabet `\mathit' in version `normal'
(Font)                  OT1/cmr/m/it --> OT4/cmr/m/it on input line 346.
LaTeX Font Info:    Overwriting math alphabet `\mathtt' in version `normal'
(Font)                  OT1/cmtt/m/n --> OT4/cmtt/m/n on input line 346.
LaTeX Font Info:    Overwriting math alphabet `\mathsf' in version `bold'
(Font)                  OT1/cmss/bx/n --> OT4/cmss/bx/n on input line 346.
LaTeX Font Info:    Overwriting math alphabet `\mathit' in version `bold'
(Font)                  OT1/cmr/bx/it --> OT4/cmr/bx/it on input line 346.
LaTeX Font Info:    Encoding `OT1' has changed to `OT4' for symbol font
(Font)              `operators' in the math version `normal' on input line 346.
LaTeX Font Info:    Overwriting symbol font `operators' in version `normal'
(Font)                  OT1/cmr/m/n --> OT4/cmr/m/n on input line 346.
LaTeX Font Info:    Overwriting symbol font `letters' in version `normal'
(Font)                  OML/cmm/m/it --> OML/plm/m/it on input line 346.
LaTeX Font Info:    Overwriting symbol font `symbols' in version `normal'
(Font)                  OMS/cmsy/m/n --> OMS/plsy/m/n on input line 346.
LaTeX Font Info:    Overwriting symbol font `largesymbols' in version `normal'
(Font)                  OMX/cmex/m/n --> OMX/plex/m/n on input line 346.
LaTeX Font Info:    Encoding `OT1' has changed to `OT4' for symbol font
(Font)              `operators' in the math version `bold' on input line 346.
LaTeX Font Info:    Overwriting symbol font `operators' in version `bold'
(Font)                  OT1/cmr/bx/n --> OT4/cmr/bx/n on input line 346.
LaTeX Font Info:    Overwriting symbol font `letters' in version `bold'
(Font)                  OML/cmm/b/it --> OML/plm/b/it on input line 346.
LaTeX Font Info:    Overwriting symbol font `symbols' in version `bold'
(Font)                  OMS/cmsy/b/n --> OMS/plsy/b/n on input line 346.
)
("C:\Program Files\MiKTeX 2.8\tex\latex\base\inputenc.sty"
Package: inputenc 2006/05/05 v1.1b Input encoding file
\inpenc@prehook=\toks37
\inpenc@posthook=\toks38
 ("C:\Program Files\MiKTeX 2.8\tex\latex\base\cp1250.def"
File: cp1250.def 2006/05/05 v1.1b Input encoding file
))
\mobiStopowicz@idxfile=\write4

Writing index file mobiStopowicz.idx 
("C:\Program Files\MiKTeX 2.8\tex\latex\citeref\citeref.sty"
Package: citeref 1999/27/05

Package citeref v1.1 <1999/27/05> (Bjoern Briel)
) ("C:\Program Files\MiKTeX 2.8\tex\latex\graphics\color.sty"
Package: color 2005/11/14 v1.0j Standard LaTeX Color (DPC)
 ("C:\Program Files\MiKTeX 2.8\tex\latex\00miktex\color.cfg"
File: color.cfg 2007/01/18 v1.5 color configuration of teTeX/TeXLive
)
Package color Info: Driver file: pdftex.def on input line 130.
)
Package color Info: Redefining color yellow on input line 41.
Package color Info: Redefining color red on input line 55.
Package color Info: Redefining color magenta on input line 61.
Package color Info: Redefining color blue on input line 82.
Package color Info: Redefining color cyan on input line 84.
Package color Info: Redefining color green on input line 94.
Package color Info: Redefining color black on input line 106.
Package color Info: Redefining color white on input line 107.
 ("C:\Program Files\MiKTeX 2.8\tex\latex\hyperref\hyperref.sty"
Package: hyperref 2009/09/10 v6.78u Hypertext links for LaTeX

("C:\Program Files\MiKTeX 2.8\tex\generic\oberdiek\ifvtex.sty"
Package: ifvtex 2008/11/04 v1.4 Switches for detecting VTeX and its modes (HO)
Package ifvtex Info: VTeX not detected.
)
("C:\Program Files\MiKTeX 2.8\tex\latex\oberdiek\hycolor.sty"
Package: hycolor 2008/09/08 v1.4 Code for color options of hyperref/bookmark (HO)

("C:\Program Files\MiKTeX 2.8\tex\latex\oberdiek\xcolor-patch.sty"
Package: xcolor-patch 2008/09/08 xcolor patch
))
\@linkdim=\dimen161
\Hy@linkcounter=\count155
\Hy@pagecounter=\count156

("C:\Program Files\MiKTeX 2.8\tex\latex\hyperref\pd1enc.def"
File: pd1enc.def 2009/09/10 v6.78u Hyperref: PDFDocEncoding definition (HO)
)
("C:\Program Files\MiKTeX 2.8\tex\generic\oberdiek\etexcmds.sty"
Package: etexcmds 2007/12/12 v1.2 Prefix for e-TeX command names (HO)

("C:\Program Files\MiKTeX 2.8\tex\generic\oberdiek\infwarerr.sty"
Package: infwarerr 2007/09/09 v1.2 Providing info/warning/message (HO)
)
Package etexcmds Info: Could not find \expanded.
(etexcmds)             That can mean that you are not using pdfTeX 1.50 or
(etexcmds)             that some package has redefined \expanded.
(etexcmds)             In the latter case, load this package earlier.
)
("C:\Program Files\MiKTeX 2.8\tex\latex\00miktex\hyperref.cfg"
File: hyperref.cfg 2002/06/06 v1.2 hyperref configuration of TeXLive
)
("C:\Program Files\MiKTeX 2.8\tex\latex\oberdiek\kvoptions.sty"
Package: kvoptions 2009/08/13 v3.4 Keyval support for LaTeX options (HO)

("C:\Program Files\MiKTeX 2.8\tex\generic\oberdiek\kvsetkeys.sty"
Package: kvsetkeys 2009/07/30 v1.5 Key value parser with default handler support (HO)
))
Package hyperref Info: Option `plainpages' set `false' on input line 2864.
Package hyperref Info: Option `pdfpagelabels' set `true' on input line 2864.
Package hyperref Info: Option `bookmarksnumbered' set `true' on input line 2864.
Package hyperref Info: Option `colorlinks' set `true' on input line 2864.


Package hyperref Warning: Option `pagecolor' is not available anymore.

Package hyperref Info: Option `unicode' set `true' on input line 2864.
("C:\Program Files\MiKTeX 2.8\tex\latex\hyperref\puenc.def"
File: puenc.def 2009/09/10 v6.78u Hyperref: PDF Unicode definition (HO)
)
Package hyperref Info: Hyper figures OFF on input line 2975.
Package hyperref Info: Link nesting OFF on input line 2980.
Package hyperref Info: Hyper index ON on input line 2983.
Package hyperref Info: Plain pages OFF on input line 2990.
Package hyperref Info: Backreferencing OFF on input line 2995.

Implicit mode ON; LaTeX internals redefined
Package hyperref Info: Bookmarks ON on input line 3191.
LaTeX Info: Redefining \url on input line 3428.
("C:\Program Files\MiKTeX 2.8\tex\generic\oberdiek\bitset.sty"
Package: bitset 2007/09/28 v1.0 Data type bit set (HO)

("C:\Program Files\MiKTeX 2.8\tex\generic\oberdiek\intcalc.sty"
Package: intcalc 2007/09/27 v1.1 Expandable integer calculations (HO)
)
("C:\Program Files\MiKTeX 2.8\tex\generic\oberdiek\bigintcalc.sty"
Package: bigintcalc 2007/11/11 v1.1 Expandable big integer calculations (HO)

("C:\Program Files\MiKTeX 2.8\tex\generic\oberdiek\pdftexcmds.sty"
Package: pdftexcmds 2009/04/10 v0.4 LuaTeX support for pdfTeX utility functions (HO)
Package pdftexcmds Info: LuaTeX not detected on input line 144.
)))
\Fld@menulength=\count157
\Field@Width=\dimen162
\Fld@charsize=\dimen163
\Field@toks=\toks39
Package hyperref Info: Hyper figures OFF on input line 4346.
Package hyperref Info: Link nesting OFF on input line 4351.
Package hyperref Info: Hyper index ON on input line 4354.
Package hyperref Info: backreferencing OFF on input line 4361.
Package hyperref Info: Link coloring ON on input line 4364.
Package hyperref Info: Link coloring with OCG OFF on input line 4371.
Package hyperref Info: PDF/A mode OFF on input line 4376.

("C:\Program Files\MiKTeX 2.8\tex\generic\oberdiek\atbegshi.sty"
Package: atbegshi 2008/07/31 v1.9 At begin shipout hook (HO)
)
\Hy@abspage=\count158
\c@Item=\count159
)
("C:\Program Files\MiKTeX 2.8\tex\latex\memoir\memhfixc.sty"
Package: memhfixc 2009/02/06 v1.12 nameref/hyperref package fixes for memoir class
\c@memhycontfloat=\count160
)
*hyperref using driver hpdftex*
("C:\Program Files\MiKTeX 2.8\tex\latex\hyperref\hpdftex.def"
File: hpdftex.def 2009/09/10 v6.78u Hyperref driver for pdfTeX
\Fld@listcount=\count161
)
("C:\Program Files\MiKTeX 2.8\tex\context\base\supp-mis.tex"
loading : Context Support Macros / Miscellaneous (2004.10.26)
\protectiondepth=\count162
\scratchcounter=\count163
\scratchtoks=\toks40
\scratchdimen=\dimen164
\scratchskip=\skip183
\scratchmuskip=\muskip12
\scratchmuskip=\muskip13
\scratchmuskip=\muskip14
\scratchmuskip=\muskip15
\scratchmuskip=\muskip16
\scratchmuskip=\muskip17
\scratchmuskip=\muskip18
\scratchmuskip=\muskip19
\scratchmuskip=\muskip20
\scratchmuskip=\muskip21
\scratchbox=\box36
\scratchread=\read2
\scratchwrite=\write5
\zeropoint=\dimen165
\onepoint=\dimen166
\onebasepoint=\dimen167
\minusone=\count164
\thousandpoint=\dimen168
\onerealpoint=\dimen169
\emptytoks=\toks41
\nextbox=\box37
\nextdepth=\dimen170
\everyline=\toks42
\!!counta=\count165
\!!countb=\count166
\recursecounter=\count167
) ("C:\Program Files\MiKTeX 2.8\tex\context\base\supp-pdf.tex"
loading : Context Support Macros / PDF
\scratchcounter=\count168
\scratchdimen=\dimen171
\scratchbox=\box38
\nofMPsegments=\count169
\nofMParguments=\count170
\everyMPshowfont=\toks43
\MPscratchCnt=\count171
\MPscratchDim=\dimen172
\MPnumerator=\count172
\everyMPtoPDFconversion=\toks44
) ("C:\Program Files\MiKTeX 2.8\tex\latex\thumbpdf\thumbpdf.sty"
Package: thumbpdf 2008/04/16 v3.10 Inclusion of thumbnails (HO)


Package thumbpdf Warning: Thumbnail data file `mobiStopowicz.tpt' not found.

)

******************************************************
Stock height and width: 845.04684pt by 597.50787pt
Top and edge trims: 0.0pt and 0.0pt
Page height and width: 845.04684pt by 597.50787pt
Text height and width: 621.0pt by 384.0pt
Spine and edge margins: 107.27089pt and 106.23698pt
Upper and lower margins: 97.27478pt and 126.77206pt
Headheight and headsep: 14.5pt and 29.0pt
Footskip: 29.0pt
Columnsep and columnseprule: 10.0pt and 0.0pt
Marginparsep and marginparwidth: 7.0pt and 92.0pt
Sidecapsep and sidecapwidth: 7.0pt and 92.0pt
Sidebarhsep and sidebarwidth: 7.0pt and 92.0pt
Sidebarvsep and sidebartopsep: 14.5pt and 0.0pt
Sidebarheight: 590.14995pt
******************************************************

)

LaTeX Warning: Unused global option(s):
    [apalike,makeidx].

("C:\Documents and Settings\sh\My Documents\My Dropbox\LEdProjects\mobiStopowicz\mobiStopowicz.aux"

LaTeX Warning: Label `fig:srodowisko_testowe_1' multiply defined.

)
LaTeX Font Info:    Checking defaults for OML/cmm/m/it on input line 7.
LaTeX Font Info:    ... okay on input line 7.
LaTeX Font Info:    Checking defaults for T1/cmr/m/n on input line 7.
LaTeX Font Info:    ... okay on input line 7.
LaTeX Font Info:    Checking defaults for OT1/cmr/m/n on input line 7.
LaTeX Font Info:    ... okay on input line 7.
LaTeX Font Info:    Checking defaults for OMS/cmsy/m/n on input line 7.
LaTeX Font Info:    ... okay on input line 7.
LaTeX Font Info:    Checking defaults for OMX/cmex/m/n on input line 7.
LaTeX Font Info:    ... okay on input line 7.
LaTeX Font Info:    Checking defaults for U/cmr/m/n on input line 7.
LaTeX Font Info:    ... okay on input line 7.
LaTeX Font Info:    Checking defaults for OT4/cmr/m/n on input line 7.
LaTeX Font Info:    ... okay on input line 7.
LaTeX Font Info:    Checking defaults for PD1/pdf/m/n on input line 7.
LaTeX Font Info:    ... okay on input line 7.
LaTeX Font Info:    Checking defaults for PU/pdf/m/n on input line 7.
LaTeX Font Info:    ... okay on input line 7.
 ("C:\Program Files\MiKTeX 2.8\tex\context\base\supp-pdf.tex"
loading : Context Support Macros / PDF
\scratchcounter=\count173
\scratchdimen=\dimen173
\scratchbox=\box39
\nofMPsegments=\count174
\nofMParguments=\count175
\everyMPshowfont=\toks45
\MPscratchCnt=\count176
\MPscratchDim=\dimen174
\MPnumerator=\count177
\everyMPtoPDFconversion=\toks46
)
Package hyperref Info: Link coloring ON on input line 7.
 ("C:\Program Files\MiKTeX 2.8\tex\latex\hyperref\nameref.sty"
Package: nameref 2007/05/29 v2.31 Cross-referencing by name of section

("C:\Program Files\MiKTeX 2.8\tex\latex\oberdiek\refcount.sty"
Package: refcount 2008/08/11 v3.1 Data extraction from references (HO)
)
\c@section@level=\count178
)
LaTeX Info: Redefining \ref on input line 7.
LaTeX Info: Redefining \pageref on input line 7.

("C:\Documents and Settings\sh\My Documents\My Dropbox\LEdProjects\mobiStopowicz\mobiStopowicz.out")
("C:\Documents and Settings\sh\My Documents\My Dropbox\LEdProjects\mobiStopowicz\mobiStopowicz.out")
\@outlinefile=\write6
\AtBeginShipoutBox=\box40

Redoing nameref's sectioning
Redoing nameref's label
("C:\Documents and Settings\sh\My Documents\My Dropbox\LEdProjects\mobiStopowicz\front.tex"
LaTeX Font Info:    Try loading font information for OT4+cmss on input line 10.

("C:\Program Files\MiKTeX 2.8\tex\latex\polski\ot4cmss.fd"
File: ot4cmss.fd 2008/02/24 v1.2.1 Font defs for fonts PL (MW)
)

pdfTeX warning: pdflatex (file C:/Documents and Settings/sh/My Documents/My Dropbox/LEdProjects/mobiStopowicz/logo.pdf):
 PDF inclusion: found PDF version <1.5>, but at most version <1.4> allowed
<logo.pdf, id=242, 597.55246pt x 170.79811pt>
File: logo.pdf Graphic file (type pdf)
 <use logo.pdf> [1


{C:/Documents and Settings/All Users/Application Data/MiKTeX/2.8/pdftex/config/pdftex.map} <C:/Documents and Settings/sh
/My Documents/My Dropbox/LEdProjects/mobiStopowicz/logo.pdf>] [2

] [3] [4

]
Underfull \hbox (badness 10000) in paragraph at lines 76--78

 []


Underfull \hbox (badness 10000) in paragraph at lines 76--78

 []


Underfull \hbox (badness 10000) in paragraph at lines 76--78

 []

[5] ("C:\Documents and Settings\sh\My Documents\My Dropbox\LEdProjects\mobiStopowicz\mobiStopowicz.toc"
LaTeX Font Info:    Try loading font information for OML+plm on input line 3.

("C:\Program Files\MiKTeX 2.8\tex\latex\polski\omlplm.fd"
File: omlplm.fd 2008/02/24 v1.2.1 Font defs for fonts PL (MW)
)
LaTeX Font Info:    Try loading font information for OMS+plsy on input line 3.
 ("C:\Program Files\MiKTeX 2.8\tex\latex\polski\omsplsy.fd"
File: omsplsy.fd 2008/02/24 v1.2.1 Font defs for fonts PL (MW)
)
LaTeX Font Info:    Try loading font information for OMX+plex on input line 3.

("C:\Program Files\MiKTeX 2.8\tex\latex\polski\omxplex.fd"
File: omxplex.fd 2008/02/24 v1.2.1 Font defs for fonts PL (MW)
)
LaTeX Font Info:    External font `plex10' loaded for size
(Font)              <12> on input line 3.
LaTeX Font Info:    External font `plex10' loaded for size
(Font)              <8> on input line 3.
LaTeX Font Info:    External font `plex10' loaded for size
(Font)              <6> on input line 3.
LaTeX Font Info:    Try loading font information for U+msa on input line 3.
 ("C:\Program Files\MiKTeX 2.8\tex\latex\amsfonts\umsa.fd"
File: umsa.fd 2009/06/22 v3.00 AMS symbols A
)
LaTeX Font Info:    Try loading font information for U+msb on input line 3.

("C:\Program Files\MiKTeX 2.8\tex\latex\amsfonts\umsb.fd"
File: umsb.fd 2009/06/22 v3.00 AMS symbols B
)
LaTeX Font Info:    Try loading font information for U+stmry on input line 3.
 ("C:\Program Files\MiKTeX 2.8\tex\latex\stmaryrd\ustmry.fd")pdfTeX warning (ext4): destination with the same identifier
 (name{page.i}) has been already used, duplicate ignored
<to be read again> 
                   \relax 
l.30 ...2}Google App Engine}{18}{subsection.4.1.2}
                                                   [1

]))pdfTeX warning (ext4): destination with the same identifier (name{page.ii}) has been already used, duplicate ignored
<to be read again> 
                   \relax 
l.14 \input
           {ack//ack.tex} [2]
("C:\Documents and Settings\sh\My Documents\My Dropbox\LEdProjects\mobiStopowicz\ack\ack.tex")
("C:\Documents and Settings\sh\My Documents\My Dropbox\LEdProjects\mobiStopowicz\symbols.tex" [1


] [2

])
("C:\Documents and Settings\sh\My Documents\My Dropbox\LEdProjects\mobiStopowicz\chap1\chap1.tex" [3] [4

]
Overfull \hbox (2.89868pt too wide) in paragraph at lines 14--15
[]\OT4/cmr/m/n/12 mobiStopowicz jest zgod-ny z naj-now-szy-mi tren-da-mi in-ter-ne-to-wy-mi, tech-
 []

LaTeX Font Info:    Try loading font information for OMS+cmr on input line 21.
("C:\Program Files\MiKTeX 2.8\tex\latex\base\omscmr.fd"
File: omscmr.fd 1999/05/25 v2.5h Standard LaTeX font definitions
)
LaTeX Font Info:    Font shape `OMS/cmr/m/n' in size <12> not available
(Font)              Font shape `OMS/cmsy/m/n' tried instead on input line 21.
 [5] [6]
Underfull \hbox (badness 10000) in paragraph at lines 66--71

 []


Underfull \hbox (badness 10000) in paragraph at lines 66--71

 []

[7]) ("C:\Documents and Settings\sh\My Documents\My Dropbox\LEdProjects\mobiStopowicz\chap2\chap2.tex" [8]
Underfull \vbox (badness 10000) has occurred while \output is active []

 [9

]
Underfull \hbox (badness 10000) in paragraph at lines 49--49
[]|\OT4/cmr/m/n/12 Weryf.
 []


Underfull \hbox (badness 10000) in paragraph at lines 49--49
\OT4/cmr/m/n/12 to»-sa-
 []


Underfull \hbox (badness 10000) in paragraph at lines 49--49
[]|\OT4/cmr/m/n/12 Funkcje
 []


Underfull \hbox (badness 10000) in paragraph at lines 49--49
\OT4/cmr/m/n/12 spo-ªecz-
 []


Underfull \hbox (badness 10000) in paragraph at lines 49--49
\OT4/cmr/m/n/12 no-±cio-
 []


Underfull \hbox (badness 10000) in paragraph at lines 49--49
[]|\OT4/cmr/m/n/12 Wersja
 []


Underfull \hbox (badness 10000) in paragraph at lines 49--49
[]|\OT4/cmr/m/n/12 Zaaw.
 []


Underfull \hbox (badness 10000) in paragraph at lines 49--49
\OT4/cmr/m/n/12 wy-szu-
 []


Overfull \hbox (4.59041pt too wide) in paragraph at lines 49--49
[]|\OT4/cmr/m/n/12 Preferen.| 
 []


LaTeX Warning: `h' float specifier changed to `ht'.

[10]) ("C:\Documents and Settings\sh\My Documents\My Dropbox\LEdProjects\mobiStopowicz\chap3\chap3.tex" [11] [12]
[13

] <chap3//algorytm.png, id=438, 235.1184pt x 509.9853pt>
File: chap3//algorytm.png Graphic file (type png)
 <use chap3//algorytm.png>

LaTeX Warning: `h' float specifier changed to `ht'.

) ("C:\Documents and Settings\sh\My Documents\My Dropbox\LEdProjects\mobiStopowicz\chap4\chap4.tex"
Overfull \vbox (13.41655pt too high) has occurred while \output is active []

 [14] [15 <C:/Documents and Settings/sh/My Documents/My Dropbox/LEdProjects/mobiStopowicz/chap3/algorytm.png (PNG copy)>
] [16

]
Overfull \hbox (5.5549pt too wide) in paragraph at lines 4--4
[]\OT4/cmss/bx/n/17.28 Serwisy, pro-to-ko-ªy, tech-ni-ki i tech-no-lo-gie wy-
 []


Overfull \hbox (1.25711pt too wide) in paragraph at lines 10--11
\OT4/cmr/m/n/12 OAuth(Open Au-tho-ri-za-tion) jest otwar-tym stan-dar-dem po-zwa-la-j¡-cym u»yt-
 []

[17] [18] <chap4/img/architektura.png, id=465, 318.4698pt x 414.8298pt>
File: chap4/img/architektura.png Graphic file (type png)
 <use chap4/img/architektura.png>

LaTeX Warning: `h' float specifier changed to `ht'.

<chap4/img/autentykacja.png, id=467, 216.0873pt x 247.28384pt>
File: chap4/img/autentykacja.png Graphic file (type png)
 <use chap4/img/autentykacja.png>
<chap4/img/obsluga_zadania.png, id=469, 156.70544pt x 216.3282pt>
File: chap4/img/obsluga_zadania.png Graphic file (type png)
 <use chap4/img/obsluga_zadania.png>)
("C:\Documents and Settings\sh\My Documents\My Dropbox\LEdProjects\mobiStopowicz\chap5\chap5.tex" [19] [20] [21 <C:/Docu
ments and Settings/sh/My Documents/My Dropbox/LEdProjects/mobiStopowicz/chap4/img/architektura.png (PNG copy)>] [22 <C:/
Documents and Settings/sh/My Documents/My Dropbox/LEdProjects/mobiStopowicz/chap4/img/autentykacja.png (PNG copy)>]
[23 <C:/Documents and Settings/sh/My Documents/My Dropbox/LEdProjects/mobiStopowicz/chap4/img/obsluga_zadania.png (PNG c
opy)>] [24

]
Overfull \hbox (5.37947pt too wide) in paragraph at lines 8--9
\OT4/cmr/m/n/12 funk-cj¡ te-le-fo-nu ko-mór-ko-we-go. Pierw-sze urz¡-dze-nie Black-Ber-ry zo-sta-ªo wpro-
 []


Overfull \hbox (1.19601pt too wide) in paragraph at lines 13--14
\OT4/cmr/m/n/12 Sta-nach Zjed-no-czo-nych do Black-Ber-ry na-le-»y po-nad 30% ryn-ku smart-
 []

[25] [26]
Overfull \hbox (0.3738pt too wide) in paragraph at lines 33--35
[]\OT4/cmr/m/n/12 Integracja z fa-ce-bo-ok.com Apli-ka-cja jest zin-te-gro-wa-na z Fa-ce-bo-ok'iem.
 []

[27] <chap5/screen_env.png, id=521, 957.5775pt x 749.80125pt>
File: chap5/screen_env.png Graphic file (type png)
 <use chap5/screen_env.png>
Underfull \vbox (badness 10000) has occurred while \output is active []

 [28]
<chap5/screen_hg.png, id=531, 712.16063pt x 378.66469pt>
File: chap5/screen_hg.png Graphic file (type png)
 <use chap5/screen_hg.png>

LaTeX Warning: `h' float specifier changed to `ht'.

[29 <C:/Documents and Settings/sh/My Documents/My Dropbox/LEdProjects/mobiStopowicz/chap5/screen_env.png>] [30 <C:/Docum
ents and Settings/sh/My Documents/My Dropbox/LEdProjects/mobiStopowicz/chap5/screen_hg.png>] [31] [32]
LaTeX Font Info:    Try loading font information for OT4+cmtt on input line 145.

("C:\Program Files\MiKTeX 2.8\tex\latex\polski\ot4cmtt.fd"
File: ot4cmtt.fd 2008/02/24 v1.2.1 Font defs for fonts PL (MW)
) [33] [34]
Overfull \vbox (10.99336pt too high) has occurred while \output is active []

 [35]
Overfull \hbox (97.57861pt too wide) in paragraph at lines 226--237
 [][] 
 []

<chap5/srodowisko_testowe_1.png, id=590, 486.618pt x 578.4009pt>
File: chap5/srodowisko_testowe_1.png Graphic file (type png)
 <use chap5/srodowisko_testowe_1.png>
Underfull \vbox (badness 10000) has occurred while \output is active []

 [36]
<chap5/srodowisko_testowe_2.png, id=600, 427.8384pt x 467.8278pt>
File: chap5/srodowisko_testowe_2.png Graphic file (type png)
 <use chap5/srodowisko_testowe_2.png>
Underfull \vbox (badness 10000) has occurred while \output is active []


Overfull \vbox (10.99336pt too high) has occurred while \output is active []

 [37 <C:/Documents and Settings/sh/My Documents/My Dropbox/LEdProjects/mobiStopowicz/chap5/srodowisko_testowe_1.png (PNG
 copy)>])
("C:\Documents and Settings\sh\My Documents\My Dropbox\LEdProjects\mobiStopowicz\chap6\chap6.tex" [38 <C:/Documents and 
Settings/sh/My Documents/My Dropbox/LEdProjects/mobiStopowicz/chap5/srodowisko_testowe_2.png (PNG copy)>] [39

]
Underfull \vbox (badness 8189) has occurred while \output is active []


Overfull \vbox (13.41655pt too high) has occurred while \output is active []

 [40])
("C:\Documents and Settings\sh\My Documents\My Dropbox\LEdProjects\mobiStopowicz\mobiStopowicz.bbl" [41] [42

]
bibitemlist
LaTeX Font Info:    External font `plex10' loaded for size
(Font)              <10.95> on input line 8.

Underfull \hbox (badness 5260) in paragraph at lines 50--51
[]\OT4/cmr/m/n/10.95 Wikipedia.  \OT4/cmr/m/it/10.95 Sto-su-nek licz-by sa-mo-cho-dów do za-lud-nie-nia\OT4/cmr/m/n/10.9
5 .  [][]$\OT4/cmtt/m/n/10.95 http :
 []


Underfull \hbox (badness 10000) in paragraph at lines 50--51
\OT4/cmtt/m/n/10.95 / / pl . wikipedia . org / wiki / Stosunek _ liczby _ samochod % C3 % B3w _ do _
 []

) [43] [44

] ("C:\Documents and Settings\sh\My Documents\My Dropbox\LEdProjects\mobiStopowicz\back.tex"
("C:\Documents and Settings\sh\My Documents\My Dropbox\LEdProjects\mobiStopowicz\mobiStopowicz.lof") [45


]
("C:\Documents and Settings\sh\My Documents\My Dropbox\LEdProjects\mobiStopowicz\mobiStopowicz.lot")
("C:\Documents and Settings\sh\My Documents\My Dropbox\LEdProjects\mobiStopowicz\mobiStopowicz.ind")) [46

]
\tf@toc=\write7
\tf@lof=\write8
\tf@lot=\write9

("C:\Documents and Settings\sh\My Documents\My Dropbox\LEdProjects\mobiStopowicz\mobiStopowicz.aux")

LaTeX Warning: There were multiply-defined labels.

 ) 
Here is how much of TeX's memory you used:
 10746 strings out of 495238
 146706 string characters out of 3179457
 252625 words of memory out of 3000000
 13539 multiletter control sequences out of 15000+200000
 22296 words of font info for 64 fonts, out of 3000000 for 9000
 34 hyphenation exceptions out of 8191
 43i,12n,38p,1296b,378s stack positions out of 5000i,500n,10000p,200000b,50000s
{C:/Program Files/MiKTeX 2.8/fonts/enc/dvips/pl/pltt.enc}{C:/Program Files/MiKTeX 2.8/fonts/enc/dvips/pl/plit.enc}{C:/
Program Files/MiKTeX 2.8/fonts/enc/dvips/pl/plrm.enc}<C:/Program Files/MiKTeX 2.8/fonts/type1/public/amsfonts/cm/cmsy10.
pfb><C:/Program Files/MiKTeX 2.8/fonts/type1/public/amsfonts/symbols/msam10.pfb><C:/Program Files/MiKTeX 2.8/fonts/type1
/public/pl/plbx10.pfb><C:/Program Files/MiKTeX 2.8/fonts/type1/public/pl/plbx12.pfb><C:/Program Files/MiKTeX 2.8/fonts/t
ype1/public/pl/plr10.pfb><C:/Program Files/MiKTeX 2.8/fonts/type1/public/pl/plr12.pfb><C:/Program Files/MiKTeX 2.8/fonts
/type1/public/pl/plsl10.pfb><C:/Program Files/MiKTeX 2.8/fonts/type1/public/pl/plss12.pfb><C:/Program Files/MiKTeX 2.8/f
onts/type1/public/pl/plss17.pfb><C:/Program Files/MiKTeX 2.8/fonts/type1/public/pl/plssbx10.pfb><C:/Program Files/MiKTeX
 2.8/fonts/type1/public/pl/plti10.pfb><C:/Program Files/MiKTeX 2.8/fonts/type1/public/pl/pltt10.pfb><C:/Program Files/Mi
KTeX 2.8/fonts/type1/public/pl/pltt12.pfb>
Output written on mobiStopowicz.pdf (53 pages, 2317440 bytes).
PDF statistics:
 766 PDF objects out of 1000 (max. 8388607)
 192 named destinations out of 1000 (max. 500000)
 530 words of extra memory for PDF output out of 10000 (max. 10000000)

